<?xml version="1.0" encoding="UTF-8"?>
<robot generator="Robot 7.3.2 (Python 3.13.4 on win32)" generated="2025-10-06T04:06:46.260801" rpa="false" schemaversion="5">
<suite id="s1" name="Tests" source="C:\Users\User\Desktop\HomeTest\resources\Tests">
<suite id="s1-s1" name="TestCase1 Autocomplete" source="C:\Users\User\Desktop\HomeTest\resources\Tests\TestCase1_Autocomplete.robot">
<test id="s1-s1-t1" name="Test Case 1_Autocomplete" line="11">
<kw name="Open Browser" owner="SeleniumLibrary">
<msg time="2025-10-06T04:06:46.462694" level="INFO">Opening browser 'firefox' to base url 'https://training-platform2.doppio-tech.com/'.</msg>
<arg>${WEB_URL}</arg>
<doc>Opens a new browser instance to the optional ``url``.</doc>
<status status="PASS" start="2025-10-06T04:06:46.462439" elapsed="6.121294"/>
</kw>
<kw name="Set Selenium Timeout" owner="SeleniumLibrary">
<arg>${TIMEOUT}</arg>
<doc>Sets the timeout that is used by various keywords.</doc>
<status status="PASS" start="2025-10-06T04:06:52.584126" elapsed="0.003316"/>
</kw>
<kw name="Account button" owner="home_pages">
<kw name="Click Button" owner="SeleniumLibrary">
<msg time="2025-10-06T04:06:52.589041" level="INFO">Clicking button 'css:[id="btn-account"]'.</msg>
<arg>${HOME_ACCOUNTBUTTON}</arg>
<doc>Clicks the button identified by ``locator``.</doc>
<status status="PASS" start="2025-10-06T04:06:52.588406" elapsed="0.219103"/>
</kw>
<status status="PASS" start="2025-10-06T04:06:52.587814" elapsed="0.219857"/>
</kw>
<kw name="Nav account link" owner="home_pages">
<kw name="Click Element" owner="SeleniumLibrary">
<msg time="2025-10-06T04:06:52.808797" level="INFO">Clicking element 'css:[id="nav-account-menu"]'.</msg>
<arg>${NAVACCOUNTMENU}</arg>
<doc>Click the element identified by ``locator``.</doc>
<status status="PASS" start="2025-10-06T04:06:52.808480" elapsed="0.114818"/>
</kw>
<status status="PASS" start="2025-10-06T04:06:52.807907" elapsed="0.115604"/>
</kw>
<kw name="Email" owner="login_pages">
<kw name="Shadow root email" owner="login_pages">
<kw name="Execute Javascript" owner="SeleniumLibrary">
<msg time="2025-10-06T04:06:52.925515" level="INFO">Executing JavaScript:
const el = document.querySelector('[data-testid="shadow-host"]').shadowRoot.querySelector('[data-testid="signin-email"]');el.value = "Morty.smt@gmail.com";el.dispatchEvent(new Event('input', { bubbles: true }));
Without any arguments.</msg>
<arg>const el = document.querySelector('[data-testid="shadow-host"]')</arg>
<arg>.shadowRoot.querySelector('[data-testid="signin-email"]');</arg>
<arg>el.value = "${email}";</arg>
<arg>el.dispatchEvent(new Event('input', { bubbles: true }));</arg>
<doc>Executes the given JavaScript code with possible arguments.</doc>
<status status="PASS" start="2025-10-06T04:06:52.924903" elapsed="0.018296"/>
</kw>
<arg>${EMAIL}</arg>
<status status="PASS" start="2025-10-06T04:06:52.924440" elapsed="0.018946"/>
</kw>
<arg>${TEST_EMAIL}</arg>
<status status="PASS" start="2025-10-06T04:06:52.923815" elapsed="0.019650"/>
</kw>
<kw name="Password" owner="login_pages">
<kw name="Shadow root password" owner="login_pages">
<kw name="Execute Javascript" owner="SeleniumLibrary">
<msg time="2025-10-06T04:06:52.945257" level="INFO">Executing JavaScript:
const el = document.querySelector('[data-testid="shadow-host"]').shadowRoot.querySelector('[data-testid="signin-password"]');el.value = "Morty007";el.dispatchEvent(new Event('input', { bubbles: true }));
Without any arguments.</msg>
<arg>const el = document.querySelector('[data-testid="shadow-host"]')</arg>
<arg>.shadowRoot.querySelector('[data-testid="signin-password"]');</arg>
<arg>el.value = "${password}";</arg>
<arg>el.dispatchEvent(new Event('input', { bubbles: true }));</arg>
<doc>Executes the given JavaScript code with possible arguments.</doc>
<status status="PASS" start="2025-10-06T04:06:52.944677" elapsed="0.014858"/>
</kw>
<arg>${PASSWORD}</arg>
<status status="PASS" start="2025-10-06T04:06:52.944259" elapsed="0.015494"/>
</kw>
<arg>${TEST_PASSWORD}</arg>
<status status="PASS" start="2025-10-06T04:06:52.943708" elapsed="0.016128"/>
</kw>
<kw name="Sleep" owner="BuiltIn">
<msg time="2025-10-06T04:06:53.960700" level="INFO">Slept 1 second.</msg>
<arg>1</arg>
<doc>Pauses the test executed for the given time.</doc>
<status status="PASS" start="2025-10-06T04:06:52.960023" elapsed="1.000772"/>
</kw>
<kw name="Remember" owner="login_pages">
<kw name="Shadow root remember button" owner="login_pages">
<kw name="Execute Javascript" owner="SeleniumLibrary">
<msg time="2025-10-06T04:06:53.961845" level="INFO">Executing JavaScript:
document.querySelector('[data-testid="shadow-host"]').shadowRoot.querySelector('[data-testid="signin-remember"]').click();
Without any arguments.</msg>
<arg>document.querySelector('[data-testid="shadow-host"]')</arg>
<arg>.shadowRoot.querySelector('[data-testid="signin-remember"]')</arg>
<arg>.click();</arg>
<doc>Executes the given JavaScript code with possible arguments.</doc>
<status status="PASS" start="2025-10-06T04:06:53.961541" elapsed="0.004010"/>
</kw>
<arg>${LOGIN_REMEMBERME}</arg>
<status status="PASS" start="2025-10-06T04:06:53.961301" elapsed="0.004378"/>
</kw>
<status status="PASS" start="2025-10-06T04:06:53.960969" elapsed="0.004767"/>
</kw>
<kw name="Submit login" owner="login_pages">
<kw name="Shadow root login button" owner="login_pages">
<kw name="Execute Javascript" owner="SeleniumLibrary">
<msg time="2025-10-06T04:06:53.966984" level="INFO">Executing JavaScript:
document.querySelector('[data-testid="shadow-host"]').shadowRoot.querySelector('[id="btn-signin"]').click();
Without any arguments.</msg>
<arg>document.querySelector('[data-testid="shadow-host"]')</arg>
<arg>.shadowRoot.querySelector('[id="btn-signin"]')</arg>
<arg>.click();</arg>
<doc>Executes the given JavaScript code with possible arguments.</doc>
<status status="PASS" start="2025-10-06T04:06:53.966649" elapsed="0.007309"/>
</kw>
<arg>${LOGIN_BUTTON}</arg>
<status status="PASS" start="2025-10-06T04:06:53.966329" elapsed="0.007785"/>
</kw>
<status status="PASS" start="2025-10-06T04:06:53.965900" elapsed="0.008292"/>
</kw>
<kw name="Sleep" owner="BuiltIn">
<msg time="2025-10-06T04:06:54.975169" level="INFO">Slept 1 second.</msg>
<arg>1</arg>
<doc>Pauses the test executed for the given time.</doc>
<status status="PASS" start="2025-10-06T04:06:53.974362" elapsed="1.000900"/>
</kw>
<kw name="Search product" owner="home_pages">
<kw name="Input Text" owner="SeleniumLibrary">
<msg time="2025-10-06T04:06:54.976013" level="INFO">Typing text 'mug' into text field 'css:[id="nav-search-input"]'.</msg>
<arg>${HOME_SEARCHBOX}</arg>
<arg>${SEARCH}</arg>
<doc>Types the given ``text`` into the text field identified by ``locator``.</doc>
<status status="PASS" start="2025-10-06T04:06:54.975784" elapsed="0.034113"/>
</kw>
<kw name="Wait Until Element Is Visible" owner="SeleniumLibrary">
<arg>${WAITAUTOCOMPLETE}</arg>
<arg>${TIMEOUT}</arg>
<doc>Waits until the element ``locator`` is visible.</doc>
<status status="PASS" start="2025-10-06T04:06:55.010071" elapsed="0.410385"/>
</kw>
<arg>mug</arg>
<status status="PASS" start="2025-10-06T04:06:54.975439" elapsed="0.445113"/>
</kw>
<kw name="Sleep" owner="BuiltIn">
<msg time="2025-10-06T04:06:56.421243" level="INFO">Slept 1 second.</msg>
<arg>1</arg>
<doc>Pauses the test executed for the given time.</doc>
<status status="PASS" start="2025-10-06T04:06:55.420663" elapsed="1.000702"/>
</kw>
<kw name="Click autocomplete" owner="home_pages">
<kw name="Click Element" owner="SeleniumLibrary">
<msg time="2025-10-06T04:06:56.422303" level="INFO">Clicking element 'xpath=//a[.//span[normalize-space(.)="Ceramic Mug"]]'.</msg>
<arg>${WAITAUTOCOMPLETE}</arg>
<doc>Click the element identified by ``locator``.</doc>
<status status="PASS" start="2025-10-06T04:06:56.422034" elapsed="0.072992"/>
</kw>
<status status="PASS" start="2025-10-06T04:06:56.421602" elapsed="0.073521"/>
</kw>
<kw name="Select product color" owner="product_detail_pages">
<kw name="Shadow root color button" owner="product_detail_pages">
<kw name="Wait Until Keyword Succeeds" owner="BuiltIn">
<kw name="Shadow root click button" owner="product_detail_pages">
<kw name="Catenate" owner="BuiltIn">
<msg time="2025-10-06T04:06:56.496646" level="INFO">${js} = const el = document.querySelector('[data-testid="shadow-host"]') .shadowRoot.querySelector(`[data-testid="pd-opt-color-Gray"]`); if (el) el.click(); else throw new Error("Color button not found!");</msg>
<var>${js}</var>
<arg>const el = document.querySelector('[data-testid="shadow-host"]')</arg>
<arg>.shadowRoot.querySelector(`[data-testid="pd-opt-color-${COLOR}"]`);</arg>
<arg>if (el) el.click(); else throw new Error("Color button not found!");</arg>
<doc>Catenates the given items together and returns the resulted string.</doc>
<status status="PASS" start="2025-10-06T04:06:56.496477" elapsed="0.000193"/>
</kw>
<kw name="Execute Javascript" owner="SeleniumLibrary">
<msg time="2025-10-06T04:06:56.497023" level="INFO">Executing JavaScript:
const el = document.querySelector('[data-testid="shadow-host"]') .shadowRoot.querySelector(`[data-testid="pd-opt-color-Gray"]`); if (el) el.click(); else throw new Error("Color button not found!");
Without any arguments.</msg>
<msg time="2025-10-06T04:06:56.531036" level="INFO" html="true">&lt;/td&gt;&lt;/tr&gt;&lt;tr&gt;&lt;td colspan="3"&gt;&lt;a href="selenium-screenshot-1.png"&gt;&lt;img src="selenium-screenshot-1.png" width="800px"&gt;&lt;/a&gt;</msg>
<msg time="2025-10-06T04:06:56.531204" level="FAIL">JavascriptException: Message: Error: Color button not found!
Stacktrace:
@https://training-platform2.doppio-tech.com/:2:167
@https://training-platform2.doppio-tech.com/:3:8
</msg>
<arg>${js}</arg>
<doc>Executes the given JavaScript code with possible arguments.</doc>
<status status="FAIL" start="2025-10-06T04:06:56.496760" elapsed="0.036386">JavascriptException: Message: Error: Color button not found!
Stacktrace:
@https://training-platform2.doppio-tech.com/:2:167
@https://training-platform2.doppio-tech.com/:3:8
</status>
</kw>
<arg>${COLOR}</arg>
<status status="FAIL" start="2025-10-06T04:06:56.496256" elapsed="0.037030">JavascriptException: Message: Error: Color button not found!
Stacktrace:
@https://training-platform2.doppio-tech.com/:2:167
@https://training-platform2.doppio-tech.com/:3:8
</status>
</kw>
<kw name="Shadow root click button" owner="product_detail_pages">
<kw name="Catenate" owner="BuiltIn">
<msg time="2025-10-06T04:06:57.034954" level="INFO">${js} = const el = document.querySelector('[data-testid="shadow-host"]') .shadowRoot.querySelector(`[data-testid="pd-opt-color-Gray"]`); if (el) el.click(); else throw new Error("Color button not found!");</msg>
<var>${js}</var>
<arg>const el = document.querySelector('[data-testid="shadow-host"]')</arg>
<arg>.shadowRoot.querySelector(`[data-testid="pd-opt-color-${COLOR}"]`);</arg>
<arg>if (el) el.click(); else throw new Error("Color button not found!");</arg>
<doc>Catenates the given items together and returns the resulted string.</doc>
<status status="PASS" start="2025-10-06T04:06:57.034236" elapsed="0.000746"/>
</kw>
<kw name="Execute Javascript" owner="SeleniumLibrary">
<msg time="2025-10-06T04:06:57.035471" level="INFO">Executing JavaScript:
const el = document.querySelector('[data-testid="shadow-host"]') .shadowRoot.querySelector(`[data-testid="pd-opt-color-Gray"]`); if (el) el.click(); else throw new Error("Color button not found!");
Without any arguments.</msg>
<arg>${js}</arg>
<doc>Executes the given JavaScript code with possible arguments.</doc>
<status status="PASS" start="2025-10-06T04:06:57.035097" elapsed="0.004886"/>
</kw>
<arg>${COLOR}</arg>
<status status="PASS" start="2025-10-06T04:06:57.033771" elapsed="0.006303"/>
</kw>
<arg>10x</arg>
<arg>0.5s</arg>
<arg>Shadow root click button</arg>
<arg>${COLOR}</arg>
<doc>Runs the specified keyword and retries if it fails.</doc>
<status status="PASS" start="2025-10-06T04:06:56.496034" elapsed="0.544086"/>
</kw>
<arg>${COLOR}</arg>
<status status="PASS" start="2025-10-06T04:06:56.495619" elapsed="0.544550"/>
</kw>
<arg>Gray</arg>
<status status="PASS" start="2025-10-06T04:06:56.495265" elapsed="0.544938"/>
</kw>
<kw name="Shadow root input qty" owner="product_detail_pages">
<kw name="Execute Javascript" owner="SeleniumLibrary">
<msg time="2025-10-06T04:06:57.041034" level="INFO">Executing JavaScript:
const el = document.querySelector('[data-testid="shadow-host"]').shadowRoot.querySelector('[data-testid="pd-qty-input"]');if (el) {el.value = "3";el.dispatchEvent(new Event('input', { bubbles: true }));} else {throw new Error("Quantity input not found!");}
Without any arguments.</msg>
<arg>const el = document.querySelector('[data-testid="shadow-host"]')</arg>
<arg>.shadowRoot.querySelector('[data-testid="pd-qty-input"]');</arg>
<arg>if (el) {</arg>
<arg>el.value = "${VALUE}";</arg>
<arg>el.dispatchEvent(new Event('input', { bubbles: true }));</arg>
<arg>} else {</arg>
<arg>throw new Error("Quantity input not found!");</arg>
<arg>}</arg>
<doc>Executes the given JavaScript code with possible arguments.</doc>
<status status="PASS" start="2025-10-06T04:06:57.040681" elapsed="0.004254"/>
</kw>
<arg>3</arg>
<status status="PASS" start="2025-10-06T04:06:57.040338" elapsed="0.004724"/>
</kw>
<kw name="Add to cart button" owner="product_detail_pages">
<kw name="Shadow root add to cart button" owner="product_detail_pages">
<kw name="Execute Javascript" owner="SeleniumLibrary">
<msg time="2025-10-06T04:06:57.046033" level="INFO">Executing JavaScript:
const el = document.querySelector('[data-testid="shadow-host"]').shadowRoot.querySelector('[id="btn-add-to-cart"]');if (el) el.click(); else throw new Error("Add to cart button not found!");
Without any arguments.</msg>
<arg>const el = document.querySelector('[data-testid="shadow-host"]')</arg>
<arg>.shadowRoot.querySelector('[id="btn-add-to-cart"]');</arg>
<arg>if (el) el.click(); else throw new Error("Add to cart button not found!");</arg>
<doc>Executes the given JavaScript code with possible arguments.</doc>
<status status="PASS" start="2025-10-06T04:06:57.045744" elapsed="0.003489"/>
</kw>
<status status="PASS" start="2025-10-06T04:06:57.045541" elapsed="0.003779"/>
</kw>
<status status="PASS" start="2025-10-06T04:06:57.045203" elapsed="0.004163"/>
</kw>
<kw name="Cart" owner="cart_pages">
<kw name="Click Element" owner="SeleniumLibrary">
<msg time="2025-10-06T04:06:57.050188" level="INFO">Clicking element 'css:[data-testid="nav-cart"]'.</msg>
<arg>${CART_BUTTON}</arg>
<doc>Click the element identified by ``locator``.</doc>
<status status="PASS" start="2025-10-06T04:06:57.049888" elapsed="0.062086"/>
</kw>
<status status="PASS" start="2025-10-06T04:06:57.049528" elapsed="0.062539"/>
</kw>
<kw name="Sleep" owner="BuiltIn">
<msg time="2025-10-06T04:06:58.112474" level="INFO">Slept 1 second.</msg>
<arg>1</arg>
<doc>Pauses the test executed for the given time.</doc>
<status status="PASS" start="2025-10-06T04:06:57.112178" elapsed="1.000387"/>
</kw>
<kw name="Select all in cart" owner="cart_pages">
<kw name="Shadow root select all products" owner="cart_pages">
<kw name="Execute Javascript" owner="SeleniumLibrary">
<msg time="2025-10-06T04:06:58.113602" level="INFO">Executing JavaScript:
const el = document.querySelector('[data-testid="shadow-host"]').shadowRoot.querySelector('input[data-cart="cart-div0-div1-div0-label0-input0"]');if (el &amp;&amp; !el.checked) el.click();
Without any arguments.</msg>
<arg>const el = document.querySelector('[data-testid="shadow-host"]')</arg>
<arg>.shadowRoot.querySelector('input[data-cart="cart-div0-div1-div0-label0-input0"]');</arg>
<arg>if (el &amp;&amp; !el.checked) el.click();</arg>
<doc>Executes the given JavaScript code with possible arguments.</doc>
<status status="PASS" start="2025-10-06T04:06:58.113255" elapsed="0.005184"/>
</kw>
<status status="PASS" start="2025-10-06T04:06:58.113064" elapsed="0.005532"/>
</kw>
<status status="PASS" start="2025-10-06T04:06:58.112733" elapsed="0.005926"/>
</kw>
<kw name="Proceed to checkout" owner="cart_pages">
<kw name="Shadow root proceed to checkout" owner="cart_pages">
<kw name="Execute Javascript" owner="SeleniumLibrary">
<msg time="2025-10-06T04:06:58.119778" level="INFO">Executing JavaScript:
const el = document.querySelector('[data-testid="shadow-host"]').shadowRoot.querySelector('button[id="btn-proceed"]');if (el &amp;&amp; !el.checked) el.click();
Without any arguments.</msg>
<arg>const el = document.querySelector('[data-testid="shadow-host"]')</arg>
<arg>.shadowRoot.querySelector('button[id="btn-proceed"]');</arg>
<arg>if (el &amp;&amp; !el.checked) el.click();</arg>
<doc>Executes the given JavaScript code with possible arguments.</doc>
<status status="PASS" start="2025-10-06T04:06:58.119484" elapsed="0.010782"/>
</kw>
<status status="PASS" start="2025-10-06T04:06:58.119176" elapsed="0.011213"/>
</kw>
<status status="PASS" start="2025-10-06T04:06:58.118836" elapsed="0.011596"/>
</kw>
<kw name="Add new address" owner="cart_pages">
<kw name="Shadow root add new address" owner="cart_pages">
<kw name="Execute Javascript" owner="SeleniumLibrary">
<msg time="2025-10-06T04:06:58.131482" level="INFO">Executing JavaScript:
const el = document.querySelector('[data-testid="shadow-host"]').shadowRoot.querySelector('button[data-testid="checkout-add-address-toggle"]');if (el &amp;&amp; !el.checked) el.click();
Without any arguments.</msg>
<arg>const el = document.querySelector('[data-testid="shadow-host"]')</arg>
<arg>.shadowRoot.querySelector('button[data-testid="checkout-add-address-toggle"]');</arg>
<arg>if (el &amp;&amp; !el.checked) el.click();</arg>
<doc>Executes the given JavaScript code with possible arguments.</doc>
<status status="PASS" start="2025-10-06T04:06:58.131139" elapsed="0.006517"/>
</kw>
<status status="PASS" start="2025-10-06T04:06:58.130907" elapsed="0.006855"/>
</kw>
<status status="PASS" start="2025-10-06T04:06:58.130567" elapsed="0.007249"/>
</kw>
<kw name="First name" owner="checkout_pages">
<kw name="Shadow root first name" owner="checkout_pages">
<kw name="Execute Javascript" owner="SeleniumLibrary">
<msg time="2025-10-06T04:06:58.138908" level="INFO">Executing JavaScript:
const el = document.querySelector('[data-testid="shadow-host"]').shadowRoot.querySelector('[data-testid="checkout-form-first-name"]');el.value = "Morty";el.dispatchEvent(new Event('input', { bubbles: true }));
Without any arguments.</msg>
<arg>const el = document.querySelector('[data-testid="shadow-host"]')</arg>
<arg>.shadowRoot.querySelector('[data-testid="checkout-form-first-name"]');</arg>
<arg>el.value = "${firstname}";</arg>
<arg>el.dispatchEvent(new Event('input', { bubbles: true }));</arg>
<doc>Executes the given JavaScript code with possible arguments.</doc>
<status status="PASS" start="2025-10-06T04:06:58.138579" elapsed="0.004448"/>
</kw>
<arg>${FIRSTNAME}</arg>
<status status="PASS" start="2025-10-06T04:06:58.138350" elapsed="0.004818"/>
</kw>
<arg>Morty</arg>
<status status="PASS" start="2025-10-06T04:06:58.137996" elapsed="0.005246"/>
</kw>
<kw name="Last name" owner="checkout_pages">
<kw name="Shadow root last name" owner="checkout_pages">
<kw name="Execute Javascript" owner="SeleniumLibrary">
<msg time="2025-10-06T04:06:58.144345" level="INFO">Executing JavaScript:
const el = document.querySelector('[data-testid="shadow-host"]').shadowRoot.querySelector('[data-testid="checkout-form-last-name"]');el.value = "Smith";el.dispatchEvent(new Event('input', { bubbles: true }));
Without any arguments.</msg>
<arg>const el = document.querySelector('[data-testid="shadow-host"]')</arg>
<arg>.shadowRoot.querySelector('[data-testid="checkout-form-last-name"]');</arg>
<arg>el.value = "${lastname}";</arg>
<arg>el.dispatchEvent(new Event('input', { bubbles: true }));</arg>
<doc>Executes the given JavaScript code with possible arguments.</doc>
<status status="PASS" start="2025-10-06T04:06:58.144011" elapsed="0.003421"/>
</kw>
<arg>${LASTNAME}</arg>
<status status="PASS" start="2025-10-06T04:06:58.143767" elapsed="0.003821"/>
</kw>
<arg>Smith</arg>
<status status="PASS" start="2025-10-06T04:06:58.143421" elapsed="0.004248"/>
</kw>
<kw name="Address detail" owner="checkout_pages">
<kw name="Shadow root address details" owner="checkout_pages">
<kw name="Execute Javascript" owner="SeleniumLibrary">
<msg time="2025-10-06T04:06:58.148946" level="INFO">Executing JavaScript:
const el = document.querySelector('[data-testid="shadow-host"]').shadowRoot.querySelector('[data-testid="checkout-form-detail"]');el.value = "123 Khonkean University";el.dispatchEvent(new Event('input', { bubbles: true }));
Without any arguments.</msg>
<arg>const el = document.querySelector('[data-testid="shadow-host"]')</arg>
<arg>.shadowRoot.querySelector('[data-testid="checkout-form-detail"]');</arg>
<arg>el.value = "${addressdetail}";</arg>
<arg>el.dispatchEvent(new Event('input', { bubbles: true }));</arg>
<doc>Executes the given JavaScript code with possible arguments.</doc>
<status status="PASS" start="2025-10-06T04:06:58.148605" elapsed="0.002792"/>
</kw>
<arg>${ADDRESSDETAIL}</arg>
<status status="PASS" start="2025-10-06T04:06:58.148349" elapsed="0.003127"/>
</kw>
<arg>123 Khonkean University</arg>
<status status="PASS" start="2025-10-06T04:06:58.147866" elapsed="0.003652"/>
</kw>
<kw name="Sleep" owner="BuiltIn">
<msg time="2025-10-06T04:06:59.153662" level="INFO">Slept 1 second.</msg>
<arg>1</arg>
<doc>Pauses the test executed for the given time.</doc>
<status status="PASS" start="2025-10-06T04:06:58.151606" elapsed="1.002269"/>
</kw>
<kw name="Select province" owner="checkout_pages">
<kw name="Shadow root select province" owner="checkout_pages">
<kw name="Execute Javascript" owner="SeleniumLibrary">
<msg time="2025-10-06T04:06:59.155675" level="INFO">Executing JavaScript:
const el = document.querySelector('[data-testid="shadow-host"]').shadowRoot.querySelector('[data-testid="checkout-form-province"]');if (el) {el.value = "Bangkok";el.dispatchEvent(new Event('change', { bubbles: true }));} else {throw new Error("Province input not found!");}
Without any arguments.</msg>
<arg>const el = document.querySelector('[data-testid="shadow-host"]')</arg>
<arg>.shadowRoot.querySelector('[data-testid="checkout-form-province"]');</arg>
<arg>if (el) {</arg>
<arg>el.value = "${province}";</arg>
<arg>el.dispatchEvent(new Event('change', { bubbles: true }));</arg>
<arg>} else {</arg>
<arg>throw new Error("Province input not found!");</arg>
<arg>}</arg>
<doc>Executes the given JavaScript code with possible arguments.</doc>
<status status="PASS" start="2025-10-06T04:06:59.155098" elapsed="0.007576"/>
</kw>
<arg>${PROVINCE}</arg>
<status status="PASS" start="2025-10-06T04:06:59.154719" elapsed="0.008129"/>
</kw>
<arg>Bangkok</arg>
<status status="PASS" start="2025-10-06T04:06:59.154188" elapsed="0.008740"/>
</kw>
<kw name="Sleep" owner="BuiltIn">
<msg time="2025-10-06T04:07:00.163572" level="INFO">Slept 1 second.</msg>
<arg>1</arg>
<doc>Pauses the test executed for the given time.</doc>
<status status="PASS" start="2025-10-06T04:06:59.163119" elapsed="1.000561"/>
</kw>
<kw name="Select district" owner="checkout_pages">
<kw name="Shadow root select district" owner="checkout_pages">
<kw name="Execute Javascript" owner="SeleniumLibrary">
<msg time="2025-10-06T04:07:00.165275" level="INFO">Executing JavaScript:
const el = document.querySelector('[data-testid="shadow-host"]').shadowRoot.querySelector('[data-testid="checkout-form-district"]');if (el) {el.value = "Phra Nakhon";el.dispatchEvent(new Event('change', { bubbles: true }));} else {throw new Error("District input not found!");}
Without any arguments.</msg>
<arg>const el = document.querySelector('[data-testid="shadow-host"]')</arg>
<arg>.shadowRoot.querySelector('[data-testid="checkout-form-district"]');</arg>
<arg>if (el) {</arg>
<arg>el.value = "${district}";</arg>
<arg>el.dispatchEvent(new Event('change', { bubbles: true }));</arg>
<arg>} else {</arg>
<arg>throw new Error("District input not found!");</arg>
<arg>}</arg>
<doc>Executes the given JavaScript code with possible arguments.</doc>
<status status="PASS" start="2025-10-06T04:07:00.164677" elapsed="0.005584"/>
</kw>
<arg>${DISTRICT}</arg>
<status status="PASS" start="2025-10-06T04:07:00.164325" elapsed="0.006123"/>
</kw>
<arg>Phra Nakhon</arg>
<status status="PASS" start="2025-10-06T04:07:00.163893" elapsed="0.006637"/>
</kw>
<kw name="Sleep" owner="BuiltIn">
<msg time="2025-10-06T04:07:01.171760" level="INFO">Slept 1 second.</msg>
<arg>1</arg>
<doc>Pauses the test executed for the given time.</doc>
<status status="PASS" start="2025-10-06T04:07:00.170709" elapsed="1.001237"/>
</kw>
<kw name="Select subdistrict" owner="checkout_pages">
<kw name="Shadow root select subdistrict" owner="checkout_pages">
<kw name="Execute Javascript" owner="SeleniumLibrary">
<msg time="2025-10-06T04:07:01.175638" level="INFO">Executing JavaScript:
const el = document.querySelector('[data-testid="shadow-host"]').shadowRoot.querySelector('[data-testid="checkout-form-subdistrict"]');if (el) {el.value = "Bang Khun Phrom";el.dispatchEvent(new Event('change', { bubbles: true }));} else {throw new Error("SubDistrict input not found!");}
Without any arguments.</msg>
<arg>const el = document.querySelector('[data-testid="shadow-host"]')</arg>
<arg>.shadowRoot.querySelector('[data-testid="checkout-form-subdistrict"]');</arg>
<arg>if (el) {</arg>
<arg>el.value = "${subdistrict}";</arg>
<arg>el.dispatchEvent(new Event('change', { bubbles: true }));</arg>
<arg>} else {</arg>
<arg>throw new Error("SubDistrict input not found!");</arg>
<arg>}</arg>
<doc>Executes the given JavaScript code with possible arguments.</doc>
<status status="PASS" start="2025-10-06T04:07:01.174726" elapsed="0.006720"/>
</kw>
<arg>${SUBDISTRICT}</arg>
<status status="PASS" start="2025-10-06T04:07:01.172754" elapsed="0.008839"/>
</kw>
<arg>Bang Khun Phrom</arg>
<status status="PASS" start="2025-10-06T04:07:01.172208" elapsed="0.009448"/>
</kw>
<kw name="Sleep" owner="BuiltIn">
<msg time="2025-10-06T04:07:02.182606" level="INFO">Slept 1 second.</msg>
<arg>1</arg>
<doc>Pauses the test executed for the given time.</doc>
<status status="PASS" start="2025-10-06T04:07:01.181814" elapsed="1.000930"/>
</kw>
<kw name="Postcode" owner="checkout_pages">
<kw name="Shadow root postcode" owner="checkout_pages">
<kw name="Execute Javascript" owner="SeleniumLibrary">
<msg time="2025-10-06T04:07:02.184299" level="INFO">Executing JavaScript:
const el = document.querySelector('[data-testid="shadow-host"]').shadowRoot.querySelector('[data-testid="checkout-form-postal"]');el.value = "10200";el.dispatchEvent(new Event('input', { bubbles: true }));
Without any arguments.</msg>
<arg>const el = document.querySelector('[data-testid="shadow-host"]')</arg>
<arg>.shadowRoot.querySelector('[data-testid="checkout-form-postal"]');</arg>
<arg>el.value = "${postalcode}";</arg>
<arg>el.dispatchEvent(new Event('input', { bubbles: true }));</arg>
<doc>Executes the given JavaScript code with possible arguments.</doc>
<status status="PASS" start="2025-10-06T04:07:02.183886" elapsed="0.006316"/>
</kw>
<arg>${POSTALCODE}</arg>
<status status="PASS" start="2025-10-06T04:07:02.183553" elapsed="0.006818"/>
</kw>
<arg>10200</arg>
<status status="PASS" start="2025-10-06T04:07:02.183005" elapsed="0.007442"/>
</kw>
<kw name="Sleep" owner="BuiltIn">
<msg time="2025-10-06T04:07:03.191066" level="INFO">Slept 1 second.</msg>
<arg>1</arg>
<doc>Pauses the test executed for the given time.</doc>
<status status="PASS" start="2025-10-06T04:07:02.190628" elapsed="1.000533"/>
</kw>
<kw name="Set as default" owner="checkout_pages">
<kw name="Shadow root set as default" owner="checkout_pages">
<kw name="Execute Javascript" owner="SeleniumLibrary">
<msg time="2025-10-06T04:07:03.194325" level="INFO">Executing JavaScript:
const el = document.querySelector('[data-testid="shadow-host"]').shadowRoot.querySelector('input[data-testid="checkout-form-default"]');if (el &amp;&amp; !el.checked) el.click();
Without any arguments.</msg>
<arg>const el = document.querySelector('[data-testid="shadow-host"]')</arg>
<arg>.shadowRoot.querySelector('input[data-testid="checkout-form-default"]');</arg>
<arg>if (el &amp;&amp; !el.checked) el.click();</arg>
<doc>Executes the given JavaScript code with possible arguments.</doc>
<status status="PASS" start="2025-10-06T04:07:03.191911" elapsed="0.005962"/>
</kw>
<status status="PASS" start="2025-10-06T04:07:03.191690" elapsed="0.006278"/>
</kw>
<status status="PASS" start="2025-10-06T04:07:03.191342" elapsed="0.006668"/>
</kw>
<kw name="Save address" owner="checkout_pages">
<kw name="Shadow root save address" owner="checkout_pages">
<kw name="Execute Javascript" owner="SeleniumLibrary">
<msg time="2025-10-06T04:07:03.198972" level="INFO">Executing JavaScript:
const el = document.querySelector('[data-testid="shadow-host"]').shadowRoot.querySelector('button[id="btn-save-address"]');if (el &amp;&amp; !el.checked) el.click();
Without any arguments.</msg>
<arg>const el = document.querySelector('[data-testid="shadow-host"]')</arg>
<arg>.shadowRoot.querySelector('button[id="btn-save-address"]');</arg>
<arg>if (el &amp;&amp; !el.checked) el.click();</arg>
<doc>Executes the given JavaScript code with possible arguments.</doc>
<status status="PASS" start="2025-10-06T04:07:03.198680" elapsed="0.001841"/>
</kw>
<status status="PASS" start="2025-10-06T04:07:03.198468" elapsed="0.002133"/>
</kw>
<status status="PASS" start="2025-10-06T04:07:03.198140" elapsed="0.002499"/>
</kw>
<kw name="Payment" owner="checkout_pages">
<kw name="Wait Until Keyword Succeeds" owner="BuiltIn">
<kw name="Shadow root click payment" owner="checkout_pages">
<kw name="Catenate" owner="BuiltIn">
<msg time="2025-10-06T04:07:03.201607" level="INFO">${js} = const el = document.querySelector('[data-testid="shadow-host"]') .shadowRoot.querySelector(`[data-testid="checkout-pay-qr"]`); if (el) el.click(); else throw new Error("Payment Radio not found!");</msg>
<var>${js}</var>
<arg>const el = document.querySelector('[data-testid="shadow-host"]')</arg>
<arg>.shadowRoot.querySelector(`[data-testid="checkout-pay-${PAYMENT}"]`);</arg>
<arg>if (el) el.click(); else throw new Error("Payment Radio not found!");</arg>
<doc>Catenates the given items together and returns the resulted string.</doc>
<status status="PASS" start="2025-10-06T04:07:03.201436" elapsed="0.000195"/>
</kw>
<kw name="Execute Javascript" owner="SeleniumLibrary">
<msg time="2025-10-06T04:07:03.201993" level="INFO">Executing JavaScript:
const el = document.querySelector('[data-testid="shadow-host"]') .shadowRoot.querySelector(`[data-testid="checkout-pay-qr"]`); if (el) el.click(); else throw new Error("Payment Radio not found!");
Without any arguments.</msg>
<arg>${js}</arg>
<doc>Executes the given JavaScript code with possible arguments.</doc>
<status status="PASS" start="2025-10-06T04:07:03.201722" elapsed="0.002709"/>
</kw>
<arg>${PAYMENT}</arg>
<status status="PASS" start="2025-10-06T04:07:03.201218" elapsed="0.003290"/>
</kw>
<arg>10x</arg>
<arg>0.5s</arg>
<arg>Shadow root click payment</arg>
<arg>${PAYMENT}</arg>
<doc>Runs the specified keyword and retries if it fails.</doc>
<status status="PASS" start="2025-10-06T04:07:03.201003" elapsed="0.003547"/>
</kw>
<arg>qr</arg>
<status status="PASS" start="2025-10-06T04:07:03.200743" elapsed="0.003855"/>
</kw>
<kw name="Coupon" owner="checkout_pages">
<kw name="Shadow root coupon" owner="checkout_pages">
<kw name="Execute Javascript" owner="SeleniumLibrary">
<msg time="2025-10-06T04:07:03.205459" level="INFO">Executing JavaScript:
const btn = document.querySelector('[data-testid="shadow-host"]').shadowRoot.querySelector('[data-testid="checkout-coupon-toggle"]');if (btn) {btn.dispatchEvent(new MouseEvent('click', { bubbles: true }));} else {throw new Error("Coupon dropdown button not found!");}
Without any arguments.</msg>
<arg>const btn = document.querySelector('[data-testid="shadow-host"]')</arg>
<arg>.shadowRoot.querySelector('[data-testid="checkout-coupon-toggle"]');</arg>
<arg>if (btn) {</arg>
<arg>btn.dispatchEvent(new MouseEvent('click', { bubbles: true }));</arg>
<arg>} else {</arg>
<arg>throw new Error("Coupon dropdown button not found!");</arg>
<arg>}</arg>
<doc>Executes the given JavaScript code with possible arguments.</doc>
<status status="PASS" start="2025-10-06T04:07:03.205167" elapsed="0.004482"/>
</kw>
<status status="PASS" start="2025-10-06T04:07:03.204972" elapsed="0.004868"/>
</kw>
<status status="PASS" start="2025-10-06T04:07:03.204708" elapsed="0.005180"/>
</kw>
<kw name="Sleep" owner="BuiltIn">
<msg time="2025-10-06T04:07:04.210504" level="INFO">Slept 1 second.</msg>
<arg>1</arg>
<doc>Pauses the test executed for the given time.</doc>
<status status="PASS" start="2025-10-06T04:07:03.209992" elapsed="1.000593"/>
</kw>
<kw name="Select coupon" owner="checkout_pages">
<kw name="Select coupon name" owner="checkout_pages">
<kw name="Execute Javascript" owner="SeleniumLibrary">
<msg time="2025-10-06T04:07:04.211575" level="INFO">Executing JavaScript:
const btn = document.querySelector('[data-testid="shadow-host"]').shadowRoot.querySelector('[data-testid="checkout-coupon-item-General12345"]');if (btn) {btn.dispatchEvent(new MouseEvent('click', { bubbles: true }));} else {throw new Error("Coupon dropdown button not found!");}
Without any arguments.</msg>
<arg>const btn = document.querySelector('[data-testid="shadow-host"]')</arg>
<arg>.shadowRoot.querySelector('[data-testid="checkout-coupon-item-General12345"]');</arg>
<arg>if (btn) {</arg>
<arg>btn.dispatchEvent(new MouseEvent('click', { bubbles: true }));</arg>
<arg>} else {</arg>
<arg>throw new Error("Coupon dropdown button not found!");</arg>
<arg>}</arg>
<doc>Executes the given JavaScript code with possible arguments.</doc>
<status status="PASS" start="2025-10-06T04:07:04.211279" elapsed="0.003900"/>
</kw>
<status status="PASS" start="2025-10-06T04:07:04.211079" elapsed="0.004195"/>
</kw>
<status status="PASS" start="2025-10-06T04:07:04.210752" elapsed="0.004561"/>
</kw>
<kw name="Apply coupon" owner="checkout_pages">
<kw name="Shadow root apply coupon" owner="checkout_pages">
<kw name="Execute Javascript" owner="SeleniumLibrary">
<msg time="2025-10-06T04:07:04.216220" level="INFO">Executing JavaScript:
const el = document.querySelector('[data-testid="shadow-host"]').shadowRoot.querySelector('button[id="btn-apply-coupon"]');if (el &amp;&amp; !el.checked) el.click();
Without any arguments.</msg>
<arg>const el = document.querySelector('[data-testid="shadow-host"]')</arg>
<arg>.shadowRoot.querySelector('button[id="btn-apply-coupon"]');</arg>
<arg>if (el &amp;&amp; !el.checked) el.click();</arg>
<doc>Executes the given JavaScript code with possible arguments.</doc>
<status status="PASS" start="2025-10-06T04:07:04.215926" elapsed="0.002732"/>
</kw>
<status status="PASS" start="2025-10-06T04:07:04.215732" elapsed="0.003022"/>
</kw>
<status status="PASS" start="2025-10-06T04:07:04.215437" elapsed="0.003373"/>
</kw>
<kw name="Sleep" owner="BuiltIn">
<msg time="2025-10-06T04:07:05.219639" level="INFO">Slept 1 second.</msg>
<arg>1</arg>
<doc>Pauses the test executed for the given time.</doc>
<status status="PASS" start="2025-10-06T04:07:04.218922" elapsed="1.000895"/>
</kw>
<kw name="Assertion" owner="checkout_pages">
<kw name="Execute Javascript" owner="SeleniumLibrary">
<msg time="2025-10-06T04:07:05.221153" level="INFO">Executing JavaScript:
return document.querySelector('[data-testid="shadow-host"]').shadowRoot.querySelector('#checkout-root [data-testid="checkout-subtotal"]')?.innerText || '0';
Without any arguments.</msg>
<msg time="2025-10-06T04:07:05.225032" level="INFO">${subtotal_text} = THB 510.00</msg>
<var>${subtotal_text}</var>
<arg>return document.querySelector('[data-testid="shadow-host"]').shadowRoot.querySelector('#checkout-root [data-testid="checkout-subtotal"]')?.innerText || '0';</arg>
<doc>Executes the given JavaScript code with possible arguments.</doc>
<status status="PASS" start="2025-10-06T04:07:05.220696" elapsed="0.004392"/>
</kw>
<kw name="Execute Javascript" owner="SeleniumLibrary">
<msg time="2025-10-06T04:07:05.225667" level="INFO">Executing JavaScript:
return document.querySelector('[data-testid="shadow-host"]').shadowRoot.querySelector('#checkout-root [data-testid="checkout-shipping"]')?.innerText || '0';
Without any arguments.</msg>
<msg time="2025-10-06T04:07:05.227830" level="INFO">${shipping_text} = THB 50.00</msg>
<var>${shipping_text}</var>
<arg>return document.querySelector('[data-testid="shadow-host"]').shadowRoot.querySelector('#checkout-root [data-testid="checkout-shipping"]')?.innerText || '0';</arg>
<doc>Executes the given JavaScript code with possible arguments.</doc>
<status status="PASS" start="2025-10-06T04:07:05.225254" elapsed="0.002625"/>
</kw>
<kw name="Execute Javascript" owner="SeleniumLibrary">
<msg time="2025-10-06T04:07:05.228481" level="INFO">Executing JavaScript:
return document.querySelector('[data-testid="shadow-host"]').shadowRoot.querySelector('#checkout-root [data-testid="checkout-discount"]')?.innerText || '0';
Without any arguments.</msg>
<msg time="2025-10-06T04:07:05.230378" level="INFO">${discount_text} = 0</msg>
<var>${discount_text}</var>
<arg>return document.querySelector('[data-testid="shadow-host"]').shadowRoot.querySelector('#checkout-root [data-testid="checkout-discount"]')?.innerText || '0';</arg>
<doc>Executes the given JavaScript code with possible arguments.</doc>
<status status="PASS" start="2025-10-06T04:07:05.228051" elapsed="0.002364"/>
</kw>
<kw name="Execute Javascript" owner="SeleniumLibrary">
<msg time="2025-10-06T04:07:05.230951" level="INFO">Executing JavaScript:
return document.querySelector('[data-testid="shadow-host"]').shadowRoot.querySelector('#checkout-root [data-testid="checkout-vat"]')?.innerText || '0';
Without any arguments.</msg>
<msg time="2025-10-06T04:07:05.232856" level="INFO">${vat_text} = THB 36.00</msg>
<var>${vat_text}</var>
<arg>return document.querySelector('[data-testid="shadow-host"]').shadowRoot.querySelector('#checkout-root [data-testid="checkout-vat"]')?.innerText || '0';</arg>
<doc>Executes the given JavaScript code with possible arguments.</doc>
<status status="PASS" start="2025-10-06T04:07:05.230553" elapsed="0.002338"/>
</kw>
<kw name="Execute Javascript" owner="SeleniumLibrary">
<msg time="2025-10-06T04:07:05.233489" level="INFO">Executing JavaScript:
return document.querySelector('[data-testid="shadow-host"]').shadowRoot.querySelector('#checkout-root [data-testid="checkout-total"]')?.innerText || '0';
Without any arguments.</msg>
<msg time="2025-10-06T04:07:05.235781" level="INFO">${total_text} = THB 596.00</msg>
<var>${total_text}</var>
<arg>return document.querySelector('[data-testid="shadow-host"]').shadowRoot.querySelector('#checkout-root [data-testid="checkout-total"]')?.innerText || '0';</arg>
<doc>Executes the given JavaScript code with possible arguments.</doc>
<status status="PASS" start="2025-10-06T04:07:05.233024" elapsed="0.002805"/>
</kw>
<kw name="Evaluate" owner="BuiltIn">
<msg time="2025-10-06T04:07:05.236456" level="INFO">${subtotal} = 510.0</msg>
<var>${subtotal}</var>
<arg>float(re.sub(r'[^0-9.]', '', '''${subtotal_text}'''))</arg>
<doc>Evaluates the given expression in Python and returns the result.</doc>
<status status="PASS" start="2025-10-06T04:07:05.236008" elapsed="0.000475"/>
</kw>
<kw name="Evaluate" owner="BuiltIn">
<msg time="2025-10-06T04:07:05.236820" level="INFO">${shipping} = 50.0</msg>
<var>${shipping}</var>
<arg>float(re.sub(r'[^0-9.]', '', '''${shipping_text}'''))</arg>
<doc>Evaluates the given expression in Python and returns the result.</doc>
<status status="PASS" start="2025-10-06T04:07:05.236596" elapsed="0.000251"/>
</kw>
<kw name="Evaluate" owner="BuiltIn">
<msg time="2025-10-06T04:07:05.237185" level="INFO">${discount} = 0</msg>
<var>${discount}</var>
<arg>float(re.sub(r'[^0-9.-]', '', '''${discount_text}''')) if '${discount_text}'!='0' else 0</arg>
<doc>Evaluates the given expression in Python and returns the result.</doc>
<status status="PASS" start="2025-10-06T04:07:05.236931" elapsed="0.000274"/>
</kw>
<kw name="Evaluate" owner="BuiltIn">
<msg time="2025-10-06T04:07:05.237468" level="INFO">${vat} = 36.0</msg>
<var>${vat}</var>
<arg>float(re.sub(r'[^0-9.]', '', '''${vat_text}'''))</arg>
<doc>Evaluates the given expression in Python and returns the result.</doc>
<status status="PASS" start="2025-10-06T04:07:05.237287" elapsed="0.000202"/>
</kw>
<kw name="Evaluate" owner="BuiltIn">
<msg time="2025-10-06T04:07:05.237789" level="INFO">${total} = 596.0</msg>
<var>${total}</var>
<arg>float(re.sub(r'[^0-9.]', '', '''${total_text}'''))</arg>
<doc>Evaluates the given expression in Python and returns the result.</doc>
<status status="PASS" start="2025-10-06T04:07:05.237613" elapsed="0.000198"/>
</kw>
<kw name="Evaluate" owner="BuiltIn">
<msg time="2025-10-06T04:07:05.238116" level="INFO">${expected} = 596.0</msg>
<var>${expected}</var>
<arg>round(${subtotal} - ${discount} + ${shipping} + ${vat}, 2)</arg>
<doc>Evaluates the given expression in Python and returns the result.</doc>
<status status="PASS" start="2025-10-06T04:07:05.237891" elapsed="0.000247"/>
</kw>
<kw name="Log To Console" owner="BuiltIn">
<arg>Subtotal=${subtotal}, Shipping=${shipping}, VAT=${vat}, Discount=${discount}, Total=${total}, Expected=${expected}</arg>
<doc>Logs the given message to the console.</doc>
<status status="PASS" start="2025-10-06T04:07:05.238219" elapsed="0.000252"/>
</kw>
<kw name="Should Be Equal As Numbers" owner="BuiltIn">
<arg>${total}</arg>
<arg>${expected}</arg>
<doc>Fails if objects are unequal after converting them to real numbers.</doc>
<status status="PASS" start="2025-10-06T04:07:05.238555" elapsed="0.000162"/>
</kw>
<status status="PASS" start="2025-10-06T04:07:05.220204" elapsed="0.018569"/>
</kw>
<kw name="Place order" owner="checkout_pages">
<kw name="Shadow root place order" owner="checkout_pages">
<kw name="Execute Javascript" owner="SeleniumLibrary">
<msg time="2025-10-06T04:07:05.239523" level="INFO">Executing JavaScript:
const el = document.querySelector('[data-testid="shadow-host"]').shadowRoot.querySelector('button[id="btn-place-order"]');if (el &amp;&amp; !el.checked) el.click();
Without any arguments.</msg>
<arg>const el = document.querySelector('[data-testid="shadow-host"]')</arg>
<arg>.shadowRoot.querySelector('button[id="btn-place-order"]');</arg>
<arg>if (el &amp;&amp; !el.checked) el.click();</arg>
<doc>Executes the given JavaScript code with possible arguments.</doc>
<status status="PASS" start="2025-10-06T04:07:05.239258" elapsed="0.005432"/>
</kw>
<status status="PASS" start="2025-10-06T04:07:05.239086" elapsed="0.005725"/>
</kw>
<status status="PASS" start="2025-10-06T04:07:05.238880" elapsed="0.005976"/>
</kw>
<kw name="Sleep" owner="BuiltIn">
<msg time="2025-10-06T04:07:06.245773" level="INFO">Slept 1 second.</msg>
<arg>1</arg>
<doc>Pauses the test executed for the given time.</doc>
<status status="PASS" start="2025-10-06T04:07:05.244983" elapsed="1.000869"/>
</kw>
<kw name="Paid confirm" owner="checkout_pages">
<kw name="Shadow root paid qr" owner="checkout_pages">
<kw name="Execute Javascript" owner="SeleniumLibrary">
<msg time="2025-10-06T04:07:06.246840" level="INFO">Executing JavaScript:
const el = document.querySelector('[data-testid="shadow-host"]').shadowRoot.querySelector('button[id="btn-confirm-qr"]');if (el &amp;&amp; !el.checked) el.click();
Without any arguments.</msg>
<arg>const el = document.querySelector('[data-testid="shadow-host"]')</arg>
<arg>.shadowRoot.querySelector('button[id="btn-confirm-qr"]');</arg>
<arg>if (el &amp;&amp; !el.checked) el.click();</arg>
<doc>Executes the given JavaScript code with possible arguments.</doc>
<status status="PASS" start="2025-10-06T04:07:06.246509" elapsed="0.003395"/>
</kw>
<status status="PASS" start="2025-10-06T04:07:06.246317" elapsed="0.003709"/>
</kw>
<status status="PASS" start="2025-10-06T04:07:06.246009" elapsed="0.004094"/>
</kw>
<kw name="Sleep" owner="BuiltIn">
<msg time="2025-10-06T04:07:07.250900" level="INFO">Slept 1 second.</msg>
<arg>1</arg>
<doc>Pauses the test executed for the given time.</doc>
<status status="PASS" start="2025-10-06T04:07:06.250229" elapsed="1.000749"/>
</kw>
<kw name="Close Browser" owner="SeleniumLibrary">
<doc>Closes the current browser.</doc>
<status status="PASS" start="2025-10-06T04:07:07.251111" elapsed="2.737633"/>
</kw>
<status status="PASS" start="2025-10-06T04:06:46.461754" elapsed="23.527160"/>
</test>
<status status="PASS" start="2025-10-06T04:06:46.283765" elapsed="23.705700"/>
</suite>
<status status="PASS" start="2025-10-06T04:06:46.274467" elapsed="23.715376"/>
</suite>
<statistics>
<total>
<stat pass="1" fail="0" skip="0">All Tests</stat>
</total>
<tag>
</tag>
<suite>
<stat name="Tests" id="s1" pass="1" fail="0" skip="0">Tests</stat>
<stat name="TestCase1 Autocomplete" id="s1-s1" pass="1" fail="0" skip="0">Tests.TestCase1 Autocomplete</stat>
</suite>
</statistics>
<errors>
</errors>
</robot>
