<?xml version="1.0" encoding="UTF-8"?>
<robot generator="Robot 7.3 (Python 3.13.4 on win32)" generated="2025-10-06T02:57:50.442290" rpa="false" schemaversion="5">
<suite id="s1" name="TestCase1 Autocomplete" source="C:\Users\User\Desktop\HomeTest\resources\Tests\TestCase1_Autocomplete.robot">
<test id="s1-t1" name="Test Case 1_Autocomplete" line="11">
<kw name="Open Browser" owner="SeleniumLibrary">
<msg time="2025-10-06T02:57:50.639382" level="INFO">Opening browser 'firefox' to base url 'https://training-platform2.doppio-tech.com/'.</msg>
<arg>${WEB_URL}</arg>
<doc>Opens a new browser instance to the optional ``url``.</doc>
<status status="PASS" start="2025-10-06T02:57:50.639114" elapsed="5.481929"/>
</kw>
<kw name="Set Selenium Timeout" owner="SeleniumLibrary">
<arg>${TIMEOUT}</arg>
<doc>Sets the timeout that is used by various keywords.</doc>
<status status="PASS" start="2025-10-06T02:57:56.121540" elapsed="0.022241"/>
</kw>
<kw name="Account button" owner="home_pages">
<kw name="Click Button" owner="SeleniumLibrary">
<msg time="2025-10-06T02:57:56.144824" level="INFO">Clicking button 'css:[id="btn-account"]'.</msg>
<arg>${HOME_ACCOUNTBUTTON}</arg>
<doc>Clicks the button identified by ``locator``.</doc>
<status status="PASS" start="2025-10-06T02:57:56.144562" elapsed="0.155302"/>
</kw>
<status status="PASS" start="2025-10-06T02:57:56.144246" elapsed="0.155791"/>
</kw>
<kw name="Nav account link" owner="home_pages">
<kw name="Click Element" owner="SeleniumLibrary">
<msg time="2025-10-06T02:57:56.300816" level="INFO">Clicking element 'css:[id="nav-account-menu"]'.</msg>
<arg>${NAVACCOUNTMENU}</arg>
<doc>Click the element identified by ``locator``.</doc>
<status status="PASS" start="2025-10-06T02:57:56.300655" elapsed="0.100356"/>
</kw>
<status status="PASS" start="2025-10-06T02:57:56.300373" elapsed="0.100811"/>
</kw>
<kw name="Email" owner="login_pages">
<kw name="Shadow root email" owner="login_pages">
<kw name="Execute Javascript" owner="SeleniumLibrary">
<msg time="2025-10-06T02:57:56.402586" level="INFO">Executing JavaScript:
const el = document.querySelector('[data-testid="shadow-host"]').shadowRoot.querySelector('[data-testid="signin-email"]');el.value = "Morty.smt@gmail.com";el.dispatchEvent(new Event('input', { bubbles: true }));
Without any arguments.</msg>
<arg>const el = document.querySelector('[data-testid="shadow-host"]')</arg>
<arg>.shadowRoot.querySelector('[data-testid="signin-email"]');</arg>
<arg>el.value = "${email}";</arg>
<arg>el.dispatchEvent(new Event('input', { bubbles: true }));</arg>
<doc>Executes the given JavaScript code with possible arguments.</doc>
<status status="PASS" start="2025-10-06T02:57:56.402138" elapsed="0.008470"/>
</kw>
<arg>${EMAIL}</arg>
<status status="PASS" start="2025-10-06T02:57:56.401875" elapsed="0.008829"/>
</kw>
<arg>${TEST_EMAIL}</arg>
<status status="PASS" start="2025-10-06T02:57:56.401523" elapsed="0.009225"/>
</kw>
<kw name="Password" owner="login_pages">
<kw name="Shadow root password" owner="login_pages">
<kw name="Execute Javascript" owner="SeleniumLibrary">
<msg time="2025-10-06T02:57:56.411677" level="INFO">Executing JavaScript:
const el = document.querySelector('[data-testid="shadow-host"]').shadowRoot.querySelector('[data-testid="signin-password"]');el.value = "Morty007";el.dispatchEvent(new Event('input', { bubbles: true }));
Without any arguments.</msg>
<arg>const el = document.querySelector('[data-testid="shadow-host"]')</arg>
<arg>.shadowRoot.querySelector('[data-testid="signin-password"]');</arg>
<arg>el.value = "${password}";</arg>
<arg>el.dispatchEvent(new Event('input', { bubbles: true }));</arg>
<doc>Executes the given JavaScript code with possible arguments.</doc>
<status status="PASS" start="2025-10-06T02:57:56.411362" elapsed="0.009129"/>
</kw>
<arg>${PASSWORD}</arg>
<status status="PASS" start="2025-10-06T02:57:56.411188" elapsed="0.009399"/>
</kw>
<arg>${TEST_PASSWORD}</arg>
<status status="PASS" start="2025-10-06T02:57:56.410956" elapsed="0.009674"/>
</kw>
<kw name="Sleep" owner="BuiltIn">
<msg time="2025-10-06T02:57:57.421116" level="INFO">Slept 1 second.</msg>
<arg>1</arg>
<doc>Pauses the test executed for the given time.</doc>
<status status="PASS" start="2025-10-06T02:57:56.420853" elapsed="1.000355"/>
</kw>
<kw name="Remember" owner="login_pages">
<kw name="Shadow root remember button" owner="login_pages">
<kw name="Execute Javascript" owner="SeleniumLibrary">
<msg time="2025-10-06T02:57:57.422117" level="INFO">Executing JavaScript:
document.querySelector('[data-testid="shadow-host"]').shadowRoot.querySelector('[data-testid="signin-remember"]').click();
Without any arguments.</msg>
<arg>document.querySelector('[data-testid="shadow-host"]')</arg>
<arg>.shadowRoot.querySelector('[data-testid="signin-remember"]')</arg>
<arg>.click();</arg>
<doc>Executes the given JavaScript code with possible arguments.</doc>
<status status="PASS" start="2025-10-06T02:57:57.421862" elapsed="0.003027"/>
</kw>
<arg>${LOGIN_REMEMBERME}</arg>
<status status="PASS" start="2025-10-06T02:57:57.421687" elapsed="0.003277"/>
</kw>
<status status="PASS" start="2025-10-06T02:57:57.421469" elapsed="0.003535"/>
</kw>
<kw name="Submit login" owner="login_pages">
<kw name="Shadow root login button" owner="login_pages">
<kw name="Execute Javascript" owner="SeleniumLibrary">
<msg time="2025-10-06T02:57:57.425780" level="INFO">Executing JavaScript:
document.querySelector('[data-testid="shadow-host"]').shadowRoot.querySelector('[id="btn-signin"]').click();
Without any arguments.</msg>
<arg>document.querySelector('[data-testid="shadow-host"]')</arg>
<arg>.shadowRoot.querySelector('[id="btn-signin"]')</arg>
<arg>.click();</arg>
<doc>Executes the given JavaScript code with possible arguments.</doc>
<status status="PASS" start="2025-10-06T02:57:57.425536" elapsed="0.006559"/>
</kw>
<arg>${LOGIN_BUTTON}</arg>
<status status="PASS" start="2025-10-06T02:57:57.425362" elapsed="0.006833"/>
</kw>
<status status="PASS" start="2025-10-06T02:57:57.425178" elapsed="0.007068"/>
</kw>
<kw name="Sleep" owner="BuiltIn">
<msg time="2025-10-06T02:57:58.433049" level="INFO">Slept 1 second.</msg>
<arg>1</arg>
<doc>Pauses the test executed for the given time.</doc>
<status status="PASS" start="2025-10-06T02:57:57.432559" elapsed="1.000574"/>
</kw>
<kw name="Search product" owner="home_pages">
<kw name="Input Text" owner="SeleniumLibrary">
<msg time="2025-10-06T02:57:58.433794" level="INFO">Typing text 'mug' into text field 'css:[id="nav-search-input"]'.</msg>
<arg>${HOME_SEARCHBOX}</arg>
<arg>${SEARCH}</arg>
<doc>Types the given ``text`` into the text field identified by ``locator``.</doc>
<status status="PASS" start="2025-10-06T02:57:58.433648" elapsed="0.040095"/>
</kw>
<kw name="Wait Until Element Is Visible" owner="SeleniumLibrary">
<arg>${WAITAUTOCOMPLETE}</arg>
<arg>${TIMEOUT}</arg>
<doc>Waits until the element ``locator`` is visible.</doc>
<status status="PASS" start="2025-10-06T02:57:58.473893" elapsed="0.410598"/>
</kw>
<arg>mug</arg>
<status status="PASS" start="2025-10-06T02:57:58.433412" elapsed="0.451166"/>
</kw>
<kw name="Sleep" owner="BuiltIn">
<msg time="2025-10-06T02:57:59.885120" level="INFO">Slept 1 second.</msg>
<arg>1</arg>
<doc>Pauses the test executed for the given time.</doc>
<status status="PASS" start="2025-10-06T02:57:58.884786" elapsed="1.000423"/>
</kw>
<kw name="Click autocomplete" owner="home_pages">
<kw name="Click Element" owner="SeleniumLibrary">
<msg time="2025-10-06T02:57:59.885773" level="INFO">Clicking element 'xpath=//a[.//span[normalize-space(.)="Ceramic Mug"]]'.</msg>
<arg>${WAITAUTOCOMPLETE}</arg>
<doc>Click the element identified by ``locator``.</doc>
<status status="PASS" start="2025-10-06T02:57:59.885636" elapsed="0.061113"/>
</kw>
<status status="PASS" start="2025-10-06T02:57:59.885439" elapsed="0.061394"/>
</kw>
<kw name="Select product color" owner="product_detail_pages">
<kw name="Shadow root color button" owner="product_detail_pages">
<kw name="Wait Until Keyword Succeeds" owner="BuiltIn">
<kw name="Shadow root click button" owner="product_detail_pages">
<kw name="Catenate" owner="BuiltIn">
<msg time="2025-10-06T02:57:59.948098" level="INFO">${js} = const el = document.querySelector('[data-testid="shadow-host"]') .shadowRoot.querySelector(`[data-testid="pd-opt-color-Gray"]`); if (el) el.click(); else throw new Error("Color button not found!");</msg>
<var>${js}</var>
<arg>const el = document.querySelector('[data-testid="shadow-host"]')</arg>
<arg>.shadowRoot.querySelector(`[data-testid="pd-opt-color-${COLOR}"]`);</arg>
<arg>if (el) el.click(); else throw new Error("Color button not found!");</arg>
<doc>Catenates the given items together and returns the resulted string.</doc>
<status status="PASS" start="2025-10-06T02:57:59.947965" elapsed="0.000154"/>
</kw>
<kw name="Execute Javascript" owner="SeleniumLibrary">
<msg time="2025-10-06T02:57:59.948450" level="INFO">Executing JavaScript:
const el = document.querySelector('[data-testid="shadow-host"]') .shadowRoot.querySelector(`[data-testid="pd-opt-color-Gray"]`); if (el) el.click(); else throw new Error("Color button not found!");
Without any arguments.</msg>
<msg time="2025-10-06T02:57:59.983076" level="INFO" html="true">&lt;/td&gt;&lt;/tr&gt;&lt;tr&gt;&lt;td colspan="3"&gt;&lt;a href="selenium-screenshot-3.png"&gt;&lt;img src="selenium-screenshot-3.png" width="800px"&gt;&lt;/a&gt;</msg>
<msg time="2025-10-06T02:57:59.983280" level="FAIL">JavascriptException: Message: Error: Color button not found!
Stacktrace:
@https://training-platform2.doppio-tech.com/:2:167
@https://training-platform2.doppio-tech.com/:3:8
</msg>
<arg>${js}</arg>
<doc>Executes the given JavaScript code with possible arguments.</doc>
<status status="FAIL" start="2025-10-06T02:57:59.948217" elapsed="0.037650">JavascriptException: Message: Error: Color button not found!
Stacktrace:
@https://training-platform2.doppio-tech.com/:2:167
@https://training-platform2.doppio-tech.com/:3:8
</status>
</kw>
<arg>${COLOR}</arg>
<status status="FAIL" start="2025-10-06T02:57:59.947662" elapsed="0.038399">JavascriptException: Message: Error: Color button not found!
Stacktrace:
@https://training-platform2.doppio-tech.com/:2:167
@https://training-platform2.doppio-tech.com/:3:8
</status>
</kw>
<kw name="Shadow root click button" owner="product_detail_pages">
<kw name="Catenate" owner="BuiltIn">
<msg time="2025-10-06T02:58:00.486858" level="INFO">${js} = const el = document.querySelector('[data-testid="shadow-host"]') .shadowRoot.querySelector(`[data-testid="pd-opt-color-Gray"]`); if (el) el.click(); else throw new Error("Color button not found!");</msg>
<var>${js}</var>
<arg>const el = document.querySelector('[data-testid="shadow-host"]')</arg>
<arg>.shadowRoot.querySelector(`[data-testid="pd-opt-color-${COLOR}"]`);</arg>
<arg>if (el) el.click(); else throw new Error("Color button not found!");</arg>
<doc>Catenates the given items together and returns the resulted string.</doc>
<status status="PASS" start="2025-10-06T02:58:00.486703" elapsed="0.000179"/>
</kw>
<kw name="Execute Javascript" owner="SeleniumLibrary">
<msg time="2025-10-06T02:58:00.487222" level="INFO">Executing JavaScript:
const el = document.querySelector('[data-testid="shadow-host"]') .shadowRoot.querySelector(`[data-testid="pd-opt-color-Gray"]`); if (el) el.click(); else throw new Error("Color button not found!");
Without any arguments.</msg>
<arg>${js}</arg>
<doc>Executes the given JavaScript code with possible arguments.</doc>
<status status="PASS" start="2025-10-06T02:58:00.486978" elapsed="0.003869"/>
</kw>
<arg>${COLOR}</arg>
<status status="PASS" start="2025-10-06T02:58:00.486434" elapsed="0.004523"/>
</kw>
<arg>10x</arg>
<arg>0.5s</arg>
<arg>Shadow root click button</arg>
<arg>${COLOR}</arg>
<doc>Runs the specified keyword and retries if it fails.</doc>
<status status="PASS" start="2025-10-06T02:57:59.947507" elapsed="0.543507"/>
</kw>
<arg>${COLOR}</arg>
<status status="PASS" start="2025-10-06T02:57:59.947339" elapsed="0.543745"/>
</kw>
<arg>Gray</arg>
<status status="PASS" start="2025-10-06T02:57:59.947087" elapsed="0.544048"/>
</kw>
<kw name="Shadow root input qty" owner="product_detail_pages">
<kw name="Execute Javascript" owner="SeleniumLibrary">
<msg time="2025-10-06T02:58:00.492158" level="INFO">Executing JavaScript:
const el = document.querySelector('[data-testid="shadow-host"]').shadowRoot.querySelector('[data-testid="pd-qty-input"]');if (el) {el.value = "3";el.dispatchEvent(new Event('input', { bubbles: true }));} else {throw new Error("Quantity input not found!");}
Without any arguments.</msg>
<arg>const el = document.querySelector('[data-testid="shadow-host"]')</arg>
<arg>.shadowRoot.querySelector('[data-testid="pd-qty-input"]');</arg>
<arg>if (el) {</arg>
<arg>el.value = "${VALUE}";</arg>
<arg>el.dispatchEvent(new Event('input', { bubbles: true }));</arg>
<arg>} else {</arg>
<arg>throw new Error("Quantity input not found!");</arg>
<arg>}</arg>
<doc>Executes the given JavaScript code with possible arguments.</doc>
<status status="PASS" start="2025-10-06T02:58:00.491702" elapsed="0.004343"/>
</kw>
<arg>3</arg>
<status status="PASS" start="2025-10-06T02:58:00.491416" elapsed="0.004717"/>
</kw>
<kw name="Add to cart button" owner="product_detail_pages">
<kw name="Shadow root add to cart button" owner="product_detail_pages">
<kw name="Execute Javascript" owner="SeleniumLibrary">
<msg time="2025-10-06T02:58:00.497042" level="INFO">Executing JavaScript:
const el = document.querySelector('[data-testid="shadow-host"]').shadowRoot.querySelector('[id="btn-add-to-cart"]');if (el) el.click(); else throw new Error("Add to cart button not found!");
Without any arguments.</msg>
<arg>const el = document.querySelector('[data-testid="shadow-host"]')</arg>
<arg>.shadowRoot.querySelector('[id="btn-add-to-cart"]');</arg>
<arg>if (el) el.click(); else throw new Error("Add to cart button not found!");</arg>
<doc>Executes the given JavaScript code with possible arguments.</doc>
<status status="PASS" start="2025-10-06T02:58:00.496781" elapsed="0.003798"/>
</kw>
<status status="PASS" start="2025-10-06T02:58:00.496623" elapsed="0.004043"/>
</kw>
<status status="PASS" start="2025-10-06T02:58:00.496364" elapsed="0.004336"/>
</kw>
<kw name="Cart" owner="cart_pages">
<kw name="Click Element" owner="SeleniumLibrary">
<msg time="2025-10-06T02:58:00.501264" level="INFO">Clicking element 'css:[data-testid="nav-cart"]'.</msg>
<arg>${CART_BUTTON}</arg>
<doc>Click the element identified by ``locator``.</doc>
<status status="PASS" start="2025-10-06T02:58:00.501119" elapsed="0.061991"/>
</kw>
<status status="PASS" start="2025-10-06T02:58:00.500920" elapsed="0.062279"/>
</kw>
<kw name="Sleep" owner="BuiltIn">
<msg time="2025-10-06T02:58:01.563940" level="INFO">Slept 1 second.</msg>
<arg>1</arg>
<doc>Pauses the test executed for the given time.</doc>
<status status="PASS" start="2025-10-06T02:58:00.563548" elapsed="1.000479"/>
</kw>
<kw name="Select all in cart" owner="cart_pages">
<kw name="Shadow root select all products" owner="cart_pages">
<kw name="Execute Javascript" owner="SeleniumLibrary">
<msg time="2025-10-06T02:58:01.565291" level="INFO">Executing JavaScript:
const el = document.querySelector('[data-testid="shadow-host"]').shadowRoot.querySelector('input[data-cart="cart-div0-div1-div0-label0-input0"]');if (el &amp;&amp; !el.checked) el.click();
Without any arguments.</msg>
<arg>const el = document.querySelector('[data-testid="shadow-host"]')</arg>
<arg>.shadowRoot.querySelector('input[data-cart="cart-div0-div1-div0-label0-input0"]');</arg>
<arg>if (el &amp;&amp; !el.checked) el.click();</arg>
<doc>Executes the given JavaScript code with possible arguments.</doc>
<status status="PASS" start="2025-10-06T02:58:01.564703" elapsed="0.005570"/>
</kw>
<status status="PASS" start="2025-10-06T02:58:01.564562" elapsed="0.005826"/>
</kw>
<status status="PASS" start="2025-10-06T02:58:01.564316" elapsed="0.006124"/>
</kw>
<kw name="Proceed to checkout" owner="cart_pages">
<kw name="Shadow root proceed to checkout" owner="cart_pages">
<kw name="Execute Javascript" owner="SeleniumLibrary">
<msg time="2025-10-06T02:58:01.571441" level="INFO">Executing JavaScript:
const el = document.querySelector('[data-testid="shadow-host"]').shadowRoot.querySelector('button[id="btn-proceed"]');if (el &amp;&amp; !el.checked) el.click();
Without any arguments.</msg>
<arg>const el = document.querySelector('[data-testid="shadow-host"]')</arg>
<arg>.shadowRoot.querySelector('button[id="btn-proceed"]');</arg>
<arg>if (el &amp;&amp; !el.checked) el.click();</arg>
<doc>Executes the given JavaScript code with possible arguments.</doc>
<status status="PASS" start="2025-10-06T02:58:01.571179" elapsed="0.011818"/>
</kw>
<status status="PASS" start="2025-10-06T02:58:01.570926" elapsed="0.012184"/>
</kw>
<status status="PASS" start="2025-10-06T02:58:01.570670" elapsed="0.012475"/>
</kw>
<kw name="Add new address" owner="cart_pages">
<kw name="Shadow root add new address" owner="cart_pages">
<kw name="Execute Javascript" owner="SeleniumLibrary">
<msg time="2025-10-06T02:58:01.584272" level="INFO">Executing JavaScript:
const el = document.querySelector('[data-testid="shadow-host"]').shadowRoot.querySelector('button[data-testid="checkout-add-address-toggle"]');if (el &amp;&amp; !el.checked) el.click();
Without any arguments.</msg>
<arg>const el = document.querySelector('[data-testid="shadow-host"]')</arg>
<arg>.shadowRoot.querySelector('button[data-testid="checkout-add-address-toggle"]');</arg>
<arg>if (el &amp;&amp; !el.checked) el.click();</arg>
<doc>Executes the given JavaScript code with possible arguments.</doc>
<status status="PASS" start="2025-10-06T02:58:01.583912" elapsed="0.006228"/>
</kw>
<status status="PASS" start="2025-10-06T02:58:01.583675" elapsed="0.006549"/>
</kw>
<status status="PASS" start="2025-10-06T02:58:01.583396" elapsed="0.006862"/>
</kw>
<kw name="First name" owner="checkout_pages">
<kw name="Shadow root first name" owner="checkout_pages">
<kw name="Execute Javascript" owner="SeleniumLibrary">
<msg time="2025-10-06T02:58:01.591097" level="INFO">Executing JavaScript:
const el = document.querySelector('[data-testid="shadow-host"]').shadowRoot.querySelector('[data-testid="checkout-form-first-name"]');el.value = "Morty";el.dispatchEvent(new Event('input', { bubbles: true }));
Without any arguments.</msg>
<arg>const el = document.querySelector('[data-testid="shadow-host"]')</arg>
<arg>.shadowRoot.querySelector('[data-testid="checkout-form-first-name"]');</arg>
<arg>el.value = "${firstname}";</arg>
<arg>el.dispatchEvent(new Event('input', { bubbles: true }));</arg>
<doc>Executes the given JavaScript code with possible arguments.</doc>
<status status="PASS" start="2025-10-06T02:58:01.590812" elapsed="0.003027"/>
</kw>
<arg>${FIRSTNAME}</arg>
<status status="PASS" start="2025-10-06T02:58:01.590650" elapsed="0.003296"/>
</kw>
<arg>Morty</arg>
<status status="PASS" start="2025-10-06T02:58:01.590451" elapsed="0.003536"/>
</kw>
<kw name="Last name" owner="checkout_pages">
<kw name="Shadow root last name" owner="checkout_pages">
<kw name="Execute Javascript" owner="SeleniumLibrary">
<msg time="2025-10-06T02:58:01.595046" level="INFO">Executing JavaScript:
const el = document.querySelector('[data-testid="shadow-host"]').shadowRoot.querySelector('[data-testid="checkout-form-last-name"]');el.value = "Smith";el.dispatchEvent(new Event('input', { bubbles: true }));
Without any arguments.</msg>
<arg>const el = document.querySelector('[data-testid="shadow-host"]')</arg>
<arg>.shadowRoot.querySelector('[data-testid="checkout-form-last-name"]');</arg>
<arg>el.value = "${lastname}";</arg>
<arg>el.dispatchEvent(new Event('input', { bubbles: true }));</arg>
<doc>Executes the given JavaScript code with possible arguments.</doc>
<status status="PASS" start="2025-10-06T02:58:01.594710" elapsed="0.003194"/>
</kw>
<arg>${LASTNAME}</arg>
<status status="PASS" start="2025-10-06T02:58:01.594496" elapsed="0.003505"/>
</kw>
<arg>Smith</arg>
<status status="PASS" start="2025-10-06T02:58:01.594234" elapsed="0.003804"/>
</kw>
<kw name="Address detail" owner="checkout_pages">
<kw name="Shadow root address details" owner="checkout_pages">
<kw name="Execute Javascript" owner="SeleniumLibrary">
<msg time="2025-10-06T02:58:01.598859" level="INFO">Executing JavaScript:
const el = document.querySelector('[data-testid="shadow-host"]').shadowRoot.querySelector('[data-testid="checkout-form-detail"]');el.value = "123 Khonkean University";el.dispatchEvent(new Event('input', { bubbles: true }));
Without any arguments.</msg>
<arg>const el = document.querySelector('[data-testid="shadow-host"]')</arg>
<arg>.shadowRoot.querySelector('[data-testid="checkout-form-detail"]');</arg>
<arg>el.value = "${addressdetail}";</arg>
<arg>el.dispatchEvent(new Event('input', { bubbles: true }));</arg>
<doc>Executes the given JavaScript code with possible arguments.</doc>
<status status="PASS" start="2025-10-06T02:58:01.598582" elapsed="0.003499"/>
</kw>
<arg>${ADDRESSDETAIL}</arg>
<status status="PASS" start="2025-10-06T02:58:01.598425" elapsed="0.003751"/>
</kw>
<arg>123 Khonkean University</arg>
<status status="PASS" start="2025-10-06T02:58:01.598228" elapsed="0.003989"/>
</kw>
<kw name="Sleep" owner="BuiltIn">
<msg time="2025-10-06T02:58:02.602951" level="INFO">Slept 1 second.</msg>
<arg>1</arg>
<doc>Pauses the test executed for the given time.</doc>
<status status="PASS" start="2025-10-06T02:58:01.602417" elapsed="1.000629"/>
</kw>
<kw name="Select province" owner="checkout_pages">
<kw name="Shadow root select province" owner="checkout_pages">
<kw name="Execute Javascript" owner="SeleniumLibrary">
<msg time="2025-10-06T02:58:02.604110" level="INFO">Executing JavaScript:
const el = document.querySelector('[data-testid="shadow-host"]').shadowRoot.querySelector('[data-testid="checkout-form-province"]');if (el) {el.value = "Bangkok";el.dispatchEvent(new Event('change', { bubbles: true }));} else {throw new Error("Province input not found!");}
Without any arguments.</msg>
<arg>const el = document.querySelector('[data-testid="shadow-host"]')</arg>
<arg>.shadowRoot.querySelector('[data-testid="checkout-form-province"]');</arg>
<arg>if (el) {</arg>
<arg>el.value = "${province}";</arg>
<arg>el.dispatchEvent(new Event('change', { bubbles: true }));</arg>
<arg>} else {</arg>
<arg>throw new Error("Province input not found!");</arg>
<arg>}</arg>
<doc>Executes the given JavaScript code with possible arguments.</doc>
<status status="PASS" start="2025-10-06T02:58:02.603803" elapsed="0.006368"/>
</kw>
<arg>${PROVINCE}</arg>
<status status="PASS" start="2025-10-06T02:58:02.603639" elapsed="0.006634"/>
</kw>
<arg>Bangkok</arg>
<status status="PASS" start="2025-10-06T02:58:02.603420" elapsed="0.006892"/>
</kw>
<kw name="Sleep" owner="BuiltIn">
<msg time="2025-10-06T02:58:03.610938" level="INFO">Slept 1 second.</msg>
<arg>1</arg>
<doc>Pauses the test executed for the given time.</doc>
<status status="PASS" start="2025-10-06T02:58:02.610500" elapsed="1.000580"/>
</kw>
<kw name="Select district" owner="checkout_pages">
<kw name="Shadow root select district" owner="checkout_pages">
<kw name="Execute Javascript" owner="SeleniumLibrary">
<msg time="2025-10-06T02:58:03.612634" level="INFO">Executing JavaScript:
const el = document.querySelector('[data-testid="shadow-host"]').shadowRoot.querySelector('[data-testid="checkout-form-district"]');if (el) {el.value = "Phra Nakhon";el.dispatchEvent(new Event('change', { bubbles: true }));} else {throw new Error("District input not found!");}
Without any arguments.</msg>
<arg>const el = document.querySelector('[data-testid="shadow-host"]')</arg>
<arg>.shadowRoot.querySelector('[data-testid="checkout-form-district"]');</arg>
<arg>if (el) {</arg>
<arg>el.value = "${district}";</arg>
<arg>el.dispatchEvent(new Event('change', { bubbles: true }));</arg>
<arg>} else {</arg>
<arg>throw new Error("District input not found!");</arg>
<arg>}</arg>
<doc>Executes the given JavaScript code with possible arguments.</doc>
<status status="PASS" start="2025-10-06T02:58:03.612087" elapsed="0.006564"/>
</kw>
<arg>${DISTRICT}</arg>
<status status="PASS" start="2025-10-06T02:58:03.611805" elapsed="0.007004"/>
</kw>
<arg>Phra Nakhon</arg>
<status status="PASS" start="2025-10-06T02:58:03.611441" elapsed="0.007530"/>
</kw>
<kw name="Sleep" owner="BuiltIn">
<msg time="2025-10-06T02:58:04.619866" level="INFO">Slept 1 second.</msg>
<arg>1</arg>
<doc>Pauses the test executed for the given time.</doc>
<status status="PASS" start="2025-10-06T02:58:03.619271" elapsed="1.000696"/>
</kw>
<kw name="Select subdistrict" owner="checkout_pages">
<kw name="Shadow root select subdistrict" owner="checkout_pages">
<kw name="Execute Javascript" owner="SeleniumLibrary">
<msg time="2025-10-06T02:58:04.621468" level="INFO">Executing JavaScript:
const el = document.querySelector('[data-testid="shadow-host"]').shadowRoot.querySelector('[data-testid="checkout-form-subdistrict"]');if (el) {el.value = "Bang Khun Phrom";el.dispatchEvent(new Event('change', { bubbles: true }));} else {throw new Error("SubDistrict input not found!");}
Without any arguments.</msg>
<arg>const el = document.querySelector('[data-testid="shadow-host"]')</arg>
<arg>.shadowRoot.querySelector('[data-testid="checkout-form-subdistrict"]');</arg>
<arg>if (el) {</arg>
<arg>el.value = "${subdistrict}";</arg>
<arg>el.dispatchEvent(new Event('change', { bubbles: true }));</arg>
<arg>} else {</arg>
<arg>throw new Error("SubDistrict input not found!");</arg>
<arg>}</arg>
<doc>Executes the given JavaScript code with possible arguments.</doc>
<status status="PASS" start="2025-10-06T02:58:04.620977" elapsed="0.006820"/>
</kw>
<arg>${SUBDISTRICT}</arg>
<status status="PASS" start="2025-10-06T02:58:04.620685" elapsed="0.007259"/>
</kw>
<arg>Bang Khun Phrom</arg>
<status status="PASS" start="2025-10-06T02:58:04.620327" elapsed="0.007671"/>
</kw>
<kw name="Sleep" owner="BuiltIn">
<msg time="2025-10-06T02:58:05.628801" level="INFO">Slept 1 second.</msg>
<arg>1</arg>
<doc>Pauses the test executed for the given time.</doc>
<status status="PASS" start="2025-10-06T02:58:04.628221" elapsed="1.000668"/>
</kw>
<kw name="Postcode" owner="checkout_pages">
<kw name="Shadow root postcode" owner="checkout_pages">
<kw name="Execute Javascript" owner="SeleniumLibrary">
<msg time="2025-10-06T02:58:05.629844" level="INFO">Executing JavaScript:
const el = document.querySelector('[data-testid="shadow-host"]').shadowRoot.querySelector('[data-testid="checkout-form-postal"]');el.value = "10200";el.dispatchEvent(new Event('input', { bubbles: true }));
Without any arguments.</msg>
<arg>const el = document.querySelector('[data-testid="shadow-host"]')</arg>
<arg>.shadowRoot.querySelector('[data-testid="checkout-form-postal"]');</arg>
<arg>el.value = "${postalcode}";</arg>
<arg>el.dispatchEvent(new Event('input', { bubbles: true }));</arg>
<doc>Executes the given JavaScript code with possible arguments.</doc>
<status status="PASS" start="2025-10-06T02:58:05.629545" elapsed="0.003411"/>
</kw>
<arg>${POSTALCODE}</arg>
<status status="PASS" start="2025-10-06T02:58:05.629368" elapsed="0.003678"/>
</kw>
<arg>10200</arg>
<status status="PASS" start="2025-10-06T02:58:05.629144" elapsed="0.003940"/>
</kw>
<kw name="Sleep" owner="BuiltIn">
<msg time="2025-10-06T02:58:06.633528" level="INFO">Slept 1 second.</msg>
<arg>1</arg>
<doc>Pauses the test executed for the given time.</doc>
<status status="PASS" start="2025-10-06T02:58:05.633243" elapsed="1.000375"/>
</kw>
<kw name="Set as default" owner="checkout_pages">
<kw name="Shadow root set as default" owner="checkout_pages">
<kw name="Execute Javascript" owner="SeleniumLibrary">
<msg time="2025-10-06T02:58:06.634478" level="INFO">Executing JavaScript:
const el = document.querySelector('[data-testid="shadow-host"]').shadowRoot.querySelector('input[data-testid="checkout-form-default"]');if (el &amp;&amp; !el.checked) el.click();
Without any arguments.</msg>
<arg>const el = document.querySelector('[data-testid="shadow-host"]')</arg>
<arg>.shadowRoot.querySelector('input[data-testid="checkout-form-default"]');</arg>
<arg>if (el &amp;&amp; !el.checked) el.click();</arg>
<doc>Executes the given JavaScript code with possible arguments.</doc>
<status status="PASS" start="2025-10-06T02:58:06.634231" elapsed="0.003506"/>
</kw>
<status status="PASS" start="2025-10-06T02:58:06.634092" elapsed="0.003727"/>
</kw>
<status status="PASS" start="2025-10-06T02:58:06.633897" elapsed="0.003955"/>
</kw>
<kw name="Save address" owner="checkout_pages">
<kw name="Shadow root save address" owner="checkout_pages">
<kw name="Execute Javascript" owner="SeleniumLibrary">
<msg time="2025-10-06T02:58:06.638598" level="INFO">Executing JavaScript:
const el = document.querySelector('[data-testid="shadow-host"]').shadowRoot.querySelector('button[id="btn-save-address"]');if (el &amp;&amp; !el.checked) el.click();
Without any arguments.</msg>
<arg>const el = document.querySelector('[data-testid="shadow-host"]')</arg>
<arg>.shadowRoot.querySelector('button[id="btn-save-address"]');</arg>
<arg>if (el &amp;&amp; !el.checked) el.click();</arg>
<doc>Executes the given JavaScript code with possible arguments.</doc>
<status status="PASS" start="2025-10-06T02:58:06.638356" elapsed="0.001772"/>
</kw>
<status status="PASS" start="2025-10-06T02:58:06.638224" elapsed="0.001972"/>
</kw>
<status status="PASS" start="2025-10-06T02:58:06.638030" elapsed="0.002198"/>
</kw>
<kw name="Payment" owner="checkout_pages">
<kw name="Wait Until Keyword Succeeds" owner="BuiltIn">
<kw name="Shadow root click payment" owner="checkout_pages">
<kw name="Catenate" owner="BuiltIn">
<msg time="2025-10-06T02:58:06.640991" level="INFO">${js} = const el = document.querySelector('[data-testid="shadow-host"]') .shadowRoot.querySelector(`[data-testid="checkout-pay-qr"]`); if (el) el.click(); else throw new Error("Payment Radio not found!");</msg>
<var>${js}</var>
<arg>const el = document.querySelector('[data-testid="shadow-host"]')</arg>
<arg>.shadowRoot.querySelector(`[data-testid="checkout-pay-${PAYMENT}"]`);</arg>
<arg>if (el) el.click(); else throw new Error("Payment Radio not found!");</arg>
<doc>Catenates the given items together and returns the resulted string.</doc>
<status status="PASS" start="2025-10-06T02:58:06.640872" elapsed="0.000138"/>
</kw>
<kw name="Execute Javascript" owner="SeleniumLibrary">
<msg time="2025-10-06T02:58:06.641295" level="INFO">Executing JavaScript:
const el = document.querySelector('[data-testid="shadow-host"]') .shadowRoot.querySelector(`[data-testid="checkout-pay-qr"]`); if (el) el.click(); else throw new Error("Payment Radio not found!");
Without any arguments.</msg>
<arg>${js}</arg>
<doc>Executes the given JavaScript code with possible arguments.</doc>
<status status="PASS" start="2025-10-06T02:58:06.641086" elapsed="0.003278"/>
</kw>
<arg>${PAYMENT}</arg>
<status status="PASS" start="2025-10-06T02:58:06.640719" elapsed="0.003763"/>
</kw>
<arg>10x</arg>
<arg>0.5s</arg>
<arg>Shadow root click payment</arg>
<arg>${PAYMENT}</arg>
<doc>Runs the specified keyword and retries if it fails.</doc>
<status status="PASS" start="2025-10-06T02:58:06.640560" elapsed="0.003981"/>
</kw>
<arg>qr</arg>
<status status="PASS" start="2025-10-06T02:58:06.640371" elapsed="0.004232"/>
</kw>
<kw name="Coupon" owner="checkout_pages">
<kw name="Shadow root coupon" owner="checkout_pages">
<kw name="Execute Javascript" owner="SeleniumLibrary">
<msg time="2025-10-06T02:58:06.647898" level="INFO">Executing JavaScript:
const btn = document.querySelector('[data-testid="shadow-host"]').shadowRoot.querySelector('[data-testid="checkout-coupon-toggle"]');if (btn) {btn.dispatchEvent(new MouseEvent('click', { bubbles: true }));} else {throw new Error("Coupon dropdown button not found!");}
Without any arguments.</msg>
<arg>const btn = document.querySelector('[data-testid="shadow-host"]')</arg>
<arg>.shadowRoot.querySelector('[data-testid="checkout-coupon-toggle"]');</arg>
<arg>if (btn) {</arg>
<arg>btn.dispatchEvent(new MouseEvent('click', { bubbles: true }));</arg>
<arg>} else {</arg>
<arg>throw new Error("Coupon dropdown button not found!");</arg>
<arg>}</arg>
<doc>Executes the given JavaScript code with possible arguments.</doc>
<status status="PASS" start="2025-10-06T02:58:06.645160" elapsed="0.007446"/>
</kw>
<status status="PASS" start="2025-10-06T02:58:06.645026" elapsed="0.007768"/>
</kw>
<status status="PASS" start="2025-10-06T02:58:06.644835" elapsed="0.007999"/>
</kw>
<kw name="Sleep" owner="BuiltIn">
<msg time="2025-10-06T02:58:07.653300" level="INFO">Slept 1 second.</msg>
<arg>1</arg>
<doc>Pauses the test executed for the given time.</doc>
<status status="PASS" start="2025-10-06T02:58:06.652995" elapsed="1.000395"/>
</kw>
<kw name="Select coupon" owner="checkout_pages">
<kw name="Select coupon name" owner="checkout_pages">
<kw name="Execute Javascript" owner="SeleniumLibrary">
<msg time="2025-10-06T02:58:07.654450" level="INFO">Executing JavaScript:
const btn = document.querySelector('[data-testid="shadow-host"]').shadowRoot.querySelector('[data-testid="checkout-coupon-item-General12345"]');if (btn) {btn.dispatchEvent(new MouseEvent('click', { bubbles: true }));} else {throw new Error("Coupon dropdown button not found!");}
Without any arguments.</msg>
<arg>const btn = document.querySelector('[data-testid="shadow-host"]')</arg>
<arg>.shadowRoot.querySelector('[data-testid="checkout-coupon-item-General12345"]');</arg>
<arg>if (btn) {</arg>
<arg>btn.dispatchEvent(new MouseEvent('click', { bubbles: true }));</arg>
<arg>} else {</arg>
<arg>throw new Error("Coupon dropdown button not found!");</arg>
<arg>}</arg>
<doc>Executes the given JavaScript code with possible arguments.</doc>
<status status="PASS" start="2025-10-06T02:58:07.654183" elapsed="0.005261"/>
</kw>
<status status="PASS" start="2025-10-06T02:58:07.654033" elapsed="0.005539"/>
</kw>
<status status="PASS" start="2025-10-06T02:58:07.653753" elapsed="0.005871"/>
</kw>
<kw name="Apply coupon" owner="checkout_pages">
<kw name="Shadow root apply coupon" owner="checkout_pages">
<kw name="Execute Javascript" owner="SeleniumLibrary">
<msg time="2025-10-06T02:58:07.660762" level="INFO">Executing JavaScript:
const el = document.querySelector('[data-testid="shadow-host"]').shadowRoot.querySelector('button[id="btn-apply-coupon"]');if (el &amp;&amp; !el.checked) el.click();
Without any arguments.</msg>
<arg>const el = document.querySelector('[data-testid="shadow-host"]')</arg>
<arg>.shadowRoot.querySelector('button[id="btn-apply-coupon"]');</arg>
<arg>if (el &amp;&amp; !el.checked) el.click();</arg>
<doc>Executes the given JavaScript code with possible arguments.</doc>
<status status="PASS" start="2025-10-06T02:58:07.660430" elapsed="0.002800"/>
</kw>
<status status="PASS" start="2025-10-06T02:58:07.660227" elapsed="0.003075"/>
</kw>
<status status="PASS" start="2025-10-06T02:58:07.659960" elapsed="0.003372"/>
</kw>
<kw name="Sleep" owner="BuiltIn">
<msg time="2025-10-06T02:58:08.664032" level="INFO">Slept 1 second.</msg>
<arg>1</arg>
<doc>Pauses the test executed for the given time.</doc>
<status status="PASS" start="2025-10-06T02:58:07.663524" elapsed="1.000599"/>
</kw>
<kw name="Assertion" owner="checkout_pages">
<kw name="Execute Javascript" owner="SeleniumLibrary">
<msg time="2025-10-06T02:58:08.664875" level="INFO">Executing JavaScript:
return document.querySelector('[data-testid="shadow-host"]').shadowRoot.querySelector('#checkout-root [data-testid="checkout-subtotal"]')?.innerText || '0';
Without any arguments.</msg>
<msg time="2025-10-06T02:58:08.666926" level="INFO">${subtotal_text} = THB 765.00</msg>
<var>${subtotal_text}</var>
<arg>return document.querySelector('[data-testid="shadow-host"]').shadowRoot.querySelector('#checkout-root [data-testid="checkout-subtotal"]')?.innerText || '0';</arg>
<doc>Executes the given JavaScript code with possible arguments.</doc>
<status status="PASS" start="2025-10-06T02:58:08.664625" elapsed="0.002339"/>
</kw>
<kw name="Execute Javascript" owner="SeleniumLibrary">
<msg time="2025-10-06T02:58:08.667314" level="INFO">Executing JavaScript:
return document.querySelector('[data-testid="shadow-host"]').shadowRoot.querySelector('#checkout-root [data-testid="checkout-shipping"]')?.innerText || '0';
Without any arguments.</msg>
<msg time="2025-10-06T02:58:08.668726" level="INFO">${shipping_text} = THB 50.00</msg>
<var>${shipping_text}</var>
<arg>return document.querySelector('[data-testid="shadow-host"]').shadowRoot.querySelector('#checkout-root [data-testid="checkout-shipping"]')?.innerText || '0';</arg>
<doc>Executes the given JavaScript code with possible arguments.</doc>
<status status="PASS" start="2025-10-06T02:58:08.667076" elapsed="0.001675"/>
</kw>
<kw name="Execute Javascript" owner="SeleniumLibrary">
<msg time="2025-10-06T02:58:08.669049" level="INFO">Executing JavaScript:
return document.querySelector('[data-testid="shadow-host"]').shadowRoot.querySelector('#checkout-root [data-testid="checkout-discount"]')?.innerText || '0';
Without any arguments.</msg>
<msg time="2025-10-06T02:58:08.670246" level="INFO">${discount_text} = 0</msg>
<var>${discount_text}</var>
<arg>return document.querySelector('[data-testid="shadow-host"]').shadowRoot.querySelector('#checkout-root [data-testid="checkout-discount"]')?.innerText || '0';</arg>
<doc>Executes the given JavaScript code with possible arguments.</doc>
<status status="PASS" start="2025-10-06T02:58:08.668847" elapsed="0.001425"/>
</kw>
<kw name="Execute Javascript" owner="SeleniumLibrary">
<msg time="2025-10-06T02:58:08.670575" level="INFO">Executing JavaScript:
return document.querySelector('[data-testid="shadow-host"]').shadowRoot.querySelector('#checkout-root [data-testid="checkout-vat"]')?.innerText || '0';
Without any arguments.</msg>
<msg time="2025-10-06T02:58:08.671764" level="INFO">${vat_text} = THB 54.00</msg>
<var>${vat_text}</var>
<arg>return document.querySelector('[data-testid="shadow-host"]').shadowRoot.querySelector('#checkout-root [data-testid="checkout-vat"]')?.innerText || '0';</arg>
<doc>Executes the given JavaScript code with possible arguments.</doc>
<status status="PASS" start="2025-10-06T02:58:08.670368" elapsed="0.001423"/>
</kw>
<kw name="Execute Javascript" owner="SeleniumLibrary">
<msg time="2025-10-06T02:58:08.672092" level="INFO">Executing JavaScript:
return document.querySelector('[data-testid="shadow-host"]').shadowRoot.querySelector('#checkout-root [data-testid="checkout-total"]')?.innerText || '0';
Without any arguments.</msg>
<msg time="2025-10-06T02:58:08.673235" level="INFO">${total_text} = THB 869.00</msg>
<var>${total_text}</var>
<arg>return document.querySelector('[data-testid="shadow-host"]').shadowRoot.querySelector('#checkout-root [data-testid="checkout-total"]')?.innerText || '0';</arg>
<doc>Executes the given JavaScript code with possible arguments.</doc>
<status status="PASS" start="2025-10-06T02:58:08.671883" elapsed="0.001376"/>
</kw>
<kw name="Evaluate" owner="BuiltIn">
<msg time="2025-10-06T02:58:08.673563" level="INFO">${subtotal} = 765.0</msg>
<var>${subtotal}</var>
<arg>float(re.sub(r'[^0-9.]', '', '''${subtotal_text}'''))</arg>
<doc>Evaluates the given expression in Python and returns the result.</doc>
<status status="PASS" start="2025-10-06T02:58:08.673356" elapsed="0.000226"/>
</kw>
<kw name="Evaluate" owner="BuiltIn">
<msg time="2025-10-06T02:58:08.673796" level="INFO">${shipping} = 50.0</msg>
<var>${shipping}</var>
<arg>float(re.sub(r'[^0-9.]', '', '''${shipping_text}'''))</arg>
<doc>Evaluates the given expression in Python and returns the result.</doc>
<status status="PASS" start="2025-10-06T02:58:08.673661" elapsed="0.000152"/>
</kw>
<kw name="Evaluate" owner="BuiltIn">
<msg time="2025-10-06T02:58:08.674059" level="INFO">${discount} = 0</msg>
<var>${discount}</var>
<arg>float(re.sub(r'[^0-9.-]', '', '''${discount_text}''')) if '${discount_text}'!='0' else 0</arg>
<doc>Evaluates the given expression in Python and returns the result.</doc>
<status status="PASS" start="2025-10-06T02:58:08.673884" elapsed="0.000191"/>
</kw>
<kw name="Evaluate" owner="BuiltIn">
<msg time="2025-10-06T02:58:08.674258" level="INFO">${vat} = 54.0</msg>
<var>${vat}</var>
<arg>float(re.sub(r'[^0-9.]', '', '''${vat_text}'''))</arg>
<doc>Evaluates the given expression in Python and returns the result.</doc>
<status status="PASS" start="2025-10-06T02:58:08.674143" elapsed="0.000130"/>
</kw>
<kw name="Evaluate" owner="BuiltIn">
<msg time="2025-10-06T02:58:08.674524" level="INFO">${total} = 869.0</msg>
<var>${total}</var>
<arg>float(re.sub(r'[^0-9.]', '', '''${total_text}'''))</arg>
<doc>Evaluates the given expression in Python and returns the result.</doc>
<status status="PASS" start="2025-10-06T02:58:08.674393" elapsed="0.000150"/>
</kw>
<kw name="Evaluate" owner="BuiltIn">
<msg time="2025-10-06T02:58:08.674773" level="INFO">${expected} = 869.0</msg>
<var>${expected}</var>
<arg>round(${subtotal} - ${discount} + ${shipping} + ${vat}, 2)</arg>
<doc>Evaluates the given expression in Python and returns the result.</doc>
<status status="PASS" start="2025-10-06T02:58:08.674620" elapsed="0.000170"/>
</kw>
<kw name="Log To Console" owner="BuiltIn">
<arg>Subtotal=${subtotal}, Shipping=${shipping}, VAT=${vat}, Discount=${discount}, Total=${total}, Expected=${expected}</arg>
<doc>Logs the given message to the console.</doc>
<status status="PASS" start="2025-10-06T02:58:08.674858" elapsed="0.000185"/>
</kw>
<kw name="Should Be Equal As Numbers" owner="BuiltIn">
<arg>${total}</arg>
<arg>${expected}</arg>
<doc>Fails if objects are unequal after converting them to real numbers.</doc>
<status status="PASS" start="2025-10-06T02:58:08.675114" elapsed="0.000109"/>
</kw>
<status status="PASS" start="2025-10-06T02:58:08.664427" elapsed="0.010840"/>
</kw>
<kw name="Place order" owner="checkout_pages">
<kw name="Shadow root place order" owner="checkout_pages">
<kw name="Execute Javascript" owner="SeleniumLibrary">
<msg time="2025-10-06T02:58:08.676138" level="INFO">Executing JavaScript:
const el = document.querySelector('[data-testid="shadow-host"]').shadowRoot.querySelector('button[id="btn-place-order"]');if (el &amp;&amp; !el.checked) el.click();
Without any arguments.</msg>
<arg>const el = document.querySelector('[data-testid="shadow-host"]')</arg>
<arg>.shadowRoot.querySelector('button[id="btn-place-order"]');</arg>
<arg>if (el &amp;&amp; !el.checked) el.click();</arg>
<doc>Executes the given JavaScript code with possible arguments.</doc>
<status status="PASS" start="2025-10-06T02:58:08.675883" elapsed="0.004754"/>
</kw>
<status status="PASS" start="2025-10-06T02:58:08.675697" elapsed="0.005044"/>
</kw>
<status status="PASS" start="2025-10-06T02:58:08.675469" elapsed="0.005310"/>
</kw>
<kw name="Sleep" owner="BuiltIn">
<msg time="2025-10-06T02:58:09.681220" level="INFO">Slept 1 second.</msg>
<arg>1</arg>
<doc>Pauses the test executed for the given time.</doc>
<status status="PASS" start="2025-10-06T02:58:08.680948" elapsed="1.000394"/>
</kw>
<kw name="Paid confirm" owner="checkout_pages">
<kw name="Shadow root paid qr" owner="checkout_pages">
<kw name="Execute Javascript" owner="SeleniumLibrary">
<msg time="2025-10-06T02:58:09.682376" level="INFO">Executing JavaScript:
const el = document.querySelector('[data-testid="shadow-host"]').shadowRoot.querySelector('button[id="btn-confirm-qr"]');if (el &amp;&amp; !el.checked) el.click();
Without any arguments.</msg>
<arg>const el = document.querySelector('[data-testid="shadow-host"]')</arg>
<arg>.shadowRoot.querySelector('button[id="btn-confirm-qr"]');</arg>
<arg>if (el &amp;&amp; !el.checked) el.click();</arg>
<doc>Executes the given JavaScript code with possible arguments.</doc>
<status status="PASS" start="2025-10-06T02:58:09.682125" elapsed="0.002968"/>
</kw>
<status status="PASS" start="2025-10-06T02:58:09.681948" elapsed="0.003241"/>
</kw>
<status status="PASS" start="2025-10-06T02:58:09.681665" elapsed="0.003568"/>
</kw>
<status status="PASS" start="2025-10-06T02:57:50.638268" elapsed="19.047139"/>
</test>
<status status="PASS" start="2025-10-06T02:57:50.443508" elapsed="19.242422"/>
</suite>
<statistics>
<total>
<stat pass="1" fail="0" skip="0">All Tests</stat>
</total>
<tag>
</tag>
<suite>
<stat name="TestCase1 Autocomplete" id="s1" pass="1" fail="0" skip="0">TestCase1 Autocomplete</stat>
</suite>
</statistics>
<errors>
</errors>
</robot>
