<?xml version="1.0" encoding="UTF-8"?>
<robot generator="Robot 7.3 (Python 3.13.4 on win32)" generated="2025-10-06T02:38:37.336487" rpa="false" schemaversion="5">
<suite id="s1" name="Tests" source="C:\Users\User\Desktop\HomeTest\resources\Tests">
<suite id="s1-s1" name="TestCase2 Search" source="C:\Users\User\Desktop\HomeTest\resources\Tests\TestCase2_Search.robot">
<test id="s1-s1-t1" name="Test Case 1_Autocomplete" line="12">
<kw name="Open Browser" owner="SeleniumLibrary">
<msg time="2025-10-06T02:38:37.549275" level="INFO">Opening browser 'firefox' to base url 'https://training-platform2.doppio-tech.com/'.</msg>
<arg>${WEB_URL}</arg>
<doc>Opens a new browser instance to the optional ``url``.</doc>
<status status="PASS" start="2025-10-06T02:38:37.548999" elapsed="5.596835"/>
</kw>
<kw name="Set Selenium Timeout" owner="SeleniumLibrary">
<arg>${TIMEOUT}</arg>
<doc>Sets the timeout that is used by various keywords.</doc>
<status status="PASS" start="2025-10-06T02:38:43.146169" elapsed="0.004011"/>
</kw>
<kw name="Account button" owner="home_pages">
<kw name="Click Button" owner="SeleniumLibrary">
<msg time="2025-10-06T02:38:43.151693" level="INFO">Clicking button 'css:[id="btn-account"]'.</msg>
<arg>${HOME_ACCOUNTBUTTON}</arg>
<doc>Clicks the button identified by ``locator``.</doc>
<status status="PASS" start="2025-10-06T02:38:43.151122" elapsed="0.126331"/>
</kw>
<status status="PASS" start="2025-10-06T02:38:43.150574" elapsed="0.127061"/>
</kw>
<kw name="Nav account link" owner="home_pages">
<kw name="Click Element" owner="SeleniumLibrary">
<msg time="2025-10-06T02:38:43.278604" level="INFO">Clicking element 'css:[id="nav-account-menu"]'.</msg>
<arg>${NAVACCOUNTMENU}</arg>
<doc>Click the element identified by ``locator``.</doc>
<status status="PASS" start="2025-10-06T02:38:43.278311" elapsed="0.206515"/>
</kw>
<status status="PASS" start="2025-10-06T02:38:43.277871" elapsed="0.207151"/>
</kw>
<kw name="Email" owner="login_pages">
<kw name="Shadow root email" owner="login_pages">
<kw name="Execute Javascript" owner="SeleniumLibrary">
<msg time="2025-10-06T02:38:43.486830" level="INFO">Executing JavaScript:
const el = document.querySelector('[data-testid="shadow-host"]').shadowRoot.querySelector('[data-testid="signin-email"]');el.value = "Morty.smt@gmail.com";el.dispatchEvent(new Event('input', { bubbles: true }));
Without any arguments.</msg>
<arg>const el = document.querySelector('[data-testid="shadow-host"]')</arg>
<arg>.shadowRoot.querySelector('[data-testid="signin-email"]');</arg>
<arg>el.value = "${email}";</arg>
<arg>el.dispatchEvent(new Event('input', { bubbles: true }));</arg>
<doc>Executes the given JavaScript code with possible arguments.</doc>
<status status="PASS" start="2025-10-06T02:38:43.486244" elapsed="0.019482"/>
</kw>
<arg>${EMAIL}</arg>
<status status="PASS" start="2025-10-06T02:38:43.485829" elapsed="0.020340"/>
</kw>
<arg>${TEST_EMAIL}</arg>
<status status="PASS" start="2025-10-06T02:38:43.485290" elapsed="0.021120"/>
</kw>
<kw name="Password" owner="login_pages">
<kw name="Shadow root password" owner="login_pages">
<kw name="Execute Javascript" owner="SeleniumLibrary">
<msg time="2025-10-06T02:38:43.507956" level="INFO">Executing JavaScript:
const el = document.querySelector('[data-testid="shadow-host"]').shadowRoot.querySelector('[data-testid="signin-password"]');el.value = "Morty007";el.dispatchEvent(new Event('input', { bubbles: true }));
Without any arguments.</msg>
<arg>const el = document.querySelector('[data-testid="shadow-host"]')</arg>
<arg>.shadowRoot.querySelector('[data-testid="signin-password"]');</arg>
<arg>el.value = "${password}";</arg>
<arg>el.dispatchEvent(new Event('input', { bubbles: true }));</arg>
<doc>Executes the given JavaScript code with possible arguments.</doc>
<status status="PASS" start="2025-10-06T02:38:43.507470" elapsed="0.005115"/>
</kw>
<arg>${PASSWORD}</arg>
<status status="PASS" start="2025-10-06T02:38:43.507092" elapsed="0.005675"/>
</kw>
<arg>${TEST_PASSWORD}</arg>
<status status="PASS" start="2025-10-06T02:38:43.506625" elapsed="0.006194"/>
</kw>
<kw name="Sleep" owner="BuiltIn">
<msg time="2025-10-06T02:38:44.513408" level="INFO">Slept 1 second.</msg>
<arg>1</arg>
<doc>Pauses the test executed for the given time.</doc>
<status status="PASS" start="2025-10-06T02:38:43.512958" elapsed="1.000538"/>
</kw>
<kw name="Remember" owner="login_pages">
<kw name="Shadow root remember button" owner="login_pages">
<kw name="Execute Javascript" owner="SeleniumLibrary">
<msg time="2025-10-06T02:38:44.514578" level="INFO">Executing JavaScript:
document.querySelector('[data-testid="shadow-host"]').shadowRoot.querySelector('[data-testid="signin-remember"]').click();
Without any arguments.</msg>
<arg>document.querySelector('[data-testid="shadow-host"]')</arg>
<arg>.shadowRoot.querySelector('[data-testid="signin-remember"]')</arg>
<arg>.click();</arg>
<doc>Executes the given JavaScript code with possible arguments.</doc>
<status status="PASS" start="2025-10-06T02:38:44.514276" elapsed="0.003208"/>
</kw>
<arg>${LOGIN_REMEMBERME}</arg>
<status status="PASS" start="2025-10-06T02:38:44.514012" elapsed="0.003560"/>
</kw>
<status status="PASS" start="2025-10-06T02:38:44.513669" elapsed="0.003946"/>
</kw>
<kw name="Submit login" owner="login_pages">
<kw name="Shadow root login button" owner="login_pages">
<kw name="Execute Javascript" owner="SeleniumLibrary">
<msg time="2025-10-06T02:38:44.518548" level="INFO">Executing JavaScript:
document.querySelector('[data-testid="shadow-host"]').shadowRoot.querySelector('[id="btn-signin"]').click();
Without any arguments.</msg>
<arg>document.querySelector('[data-testid="shadow-host"]')</arg>
<arg>.shadowRoot.querySelector('[id="btn-signin"]')</arg>
<arg>.click();</arg>
<doc>Executes the given JavaScript code with possible arguments.</doc>
<status status="PASS" start="2025-10-06T02:38:44.518241" elapsed="0.006206"/>
</kw>
<arg>${LOGIN_BUTTON}</arg>
<status status="PASS" start="2025-10-06T02:38:44.518012" elapsed="0.006589"/>
</kw>
<status status="PASS" start="2025-10-06T02:38:44.517731" elapsed="0.006946"/>
</kw>
<kw name="Sleep" owner="BuiltIn">
<msg time="2025-10-06T02:38:45.525417" level="INFO">Slept 1 second.</msg>
<arg>1</arg>
<doc>Pauses the test executed for the given time.</doc>
<status status="PASS" start="2025-10-06T02:38:44.524823" elapsed="1.000688"/>
</kw>
<kw name="Search product" owner="home_pages">
<kw name="Input Text" owner="SeleniumLibrary">
<msg time="2025-10-06T02:38:45.526269" level="INFO">Typing text 'Ceramic Mug' into text field 'css:[id="nav-search-input"]'.</msg>
<arg>${HOME_SEARCHBOX}</arg>
<arg>${SEARCH}</arg>
<doc>Types the given ``text`` into the text field identified by ``locator``.</doc>
<status status="PASS" start="2025-10-06T02:38:45.526033" elapsed="0.038503"/>
</kw>
<kw name="Wait Until Element Is Visible" owner="SeleniumLibrary">
<arg>${WAITAUTOCOMPLETE}</arg>
<arg>${TIMEOUT}</arg>
<doc>Waits until the element ``locator`` is visible.</doc>
<status status="PASS" start="2025-10-06T02:38:45.564745" elapsed="0.412703"/>
</kw>
<arg>Ceramic Mug</arg>
<status status="PASS" start="2025-10-06T02:38:45.525692" elapsed="0.451844"/>
</kw>
<kw name="Sleep" owner="BuiltIn">
<msg time="2025-10-06T02:38:46.978401" level="INFO">Slept 1 second.</msg>
<arg>1</arg>
<doc>Pauses the test executed for the given time.</doc>
<status status="PASS" start="2025-10-06T02:38:45.977644" elapsed="1.000878"/>
</kw>
<kw name="Search button" owner="home_pages">
<kw name="Click Button" owner="SeleniumLibrary">
<msg time="2025-10-06T02:38:46.979535" level="INFO">Clicking button 'css:[id="btn-search"]'.</msg>
<arg>${HOME_SEARCHBUTTON}</arg>
<doc>Clicks the button identified by ``locator``.</doc>
<status status="PASS" start="2025-10-06T02:38:46.979232" elapsed="0.066863"/>
</kw>
<status status="PASS" start="2025-10-06T02:38:46.978769" elapsed="0.067421"/>
</kw>
<kw name="Sleep" owner="BuiltIn">
<msg time="2025-10-06T02:38:48.046701" level="INFO">Slept 1 second.</msg>
<arg>1</arg>
<doc>Pauses the test executed for the given time.</doc>
<status status="PASS" start="2025-10-06T02:38:47.046308" elapsed="1.000517"/>
</kw>
<kw name="Click ceramic mug" owner="product_pages">
<kw name="Shadow root ceramic mug" owner="product_pages">
<kw name="Shadow root apply coupon" owner="checkout_pages">
<kw name="Execute Javascript" owner="SeleniumLibrary">
<msg time="2025-10-06T02:38:48.048797" level="INFO">Executing JavaScript:
const el = document.querySelector('[data-testid="shadow-host"]').shadowRoot.querySelector('button[id="btn-apply-coupon"]');if (el &amp;&amp; !el.checked) el.click();
Without any arguments.</msg>
<arg>const el = document.querySelector('[data-testid="shadow-host"]')</arg>
<arg>.shadowRoot.querySelector('button[id="btn-apply-coupon"]');</arg>
<arg>if (el &amp;&amp; !el.checked) el.click();</arg>
<doc>Executes the given JavaScript code with possible arguments.</doc>
<status status="PASS" start="2025-10-06T02:38:48.048353" elapsed="0.003247"/>
</kw>
<status status="PASS" start="2025-10-06T02:38:48.048059" elapsed="0.003618"/>
</kw>
<kw name="Execute Javascript" owner="SeleniumLibrary">
<msg time="2025-10-06T02:38:48.052093" level="INFO">Executing JavaScript:
const el = document.querySelector('[data-testid="shadow-host"]').shadowRoot.querySelector('button[id="btn-view-11"]');if (el &amp;&amp; !el.checked) el.click();
Without any arguments.</msg>
<arg>const el = document.querySelector('[data-testid="shadow-host"]')</arg>
<arg>.shadowRoot.querySelector('button[id="btn-view-11"]');</arg>
<arg>if (el &amp;&amp; !el.checked) el.click();</arg>
<doc>Executes the given JavaScript code with possible arguments.</doc>
<status status="PASS" start="2025-10-06T02:38:48.051767" elapsed="0.009609"/>
</kw>
<status status="PASS" start="2025-10-06T02:38:48.047713" elapsed="0.013809"/>
</kw>
<status status="PASS" start="2025-10-06T02:38:48.047259" elapsed="0.014329"/>
</kw>
<kw name="Select product color" owner="product_detail_pages">
<kw name="Shadow root color button" owner="product_detail_pages">
<kw name="Wait Until Keyword Succeeds" owner="BuiltIn">
<kw name="Shadow root click button" owner="product_detail_pages">
<kw name="Catenate" owner="BuiltIn">
<msg time="2025-10-06T02:38:48.063493" level="INFO">${js} = const el = document.querySelector('[data-testid="shadow-host"]') .shadowRoot.querySelector(`[data-testid="pd-opt-color-Gray"]`); if (el) el.click(); else throw new Error("Color button not found!");</msg>
<var>${js}</var>
<arg>const el = document.querySelector('[data-testid="shadow-host"]')</arg>
<arg>.shadowRoot.querySelector(`[data-testid="pd-opt-color-${COLOR}"]`);</arg>
<arg>if (el) el.click(); else throw new Error("Color button not found!");</arg>
<doc>Catenates the given items together and returns the resulted string.</doc>
<status status="PASS" start="2025-10-06T02:38:48.063305" elapsed="0.000213"/>
</kw>
<kw name="Execute Javascript" owner="SeleniumLibrary">
<msg time="2025-10-06T02:38:48.063915" level="INFO">Executing JavaScript:
const el = document.querySelector('[data-testid="shadow-host"]') .shadowRoot.querySelector(`[data-testid="pd-opt-color-Gray"]`); if (el) el.click(); else throw new Error("Color button not found!");
Without any arguments.</msg>
<msg time="2025-10-06T02:38:48.097851" level="INFO" html="true">&lt;/td&gt;&lt;/tr&gt;&lt;tr&gt;&lt;td colspan="3"&gt;&lt;a href="selenium-screenshot-1.png"&gt;&lt;img src="selenium-screenshot-1.png" width="800px"&gt;&lt;/a&gt;</msg>
<msg time="2025-10-06T02:38:48.097999" level="FAIL">JavascriptException: Message: Error: Color button not found!
Stacktrace:
@https://training-platform2.doppio-tech.com/:2:167
@https://training-platform2.doppio-tech.com/:3:8
</msg>
<arg>${js}</arg>
<doc>Executes the given JavaScript code with possible arguments.</doc>
<status status="FAIL" start="2025-10-06T02:38:48.063619" elapsed="0.036501">JavascriptException: Message: Error: Color button not found!
Stacktrace:
@https://training-platform2.doppio-tech.com/:2:167
@https://training-platform2.doppio-tech.com/:3:8
</status>
</kw>
<arg>${COLOR}</arg>
<status status="FAIL" start="2025-10-06T02:38:48.063072" elapsed="0.037198">JavascriptException: Message: Error: Color button not found!
Stacktrace:
@https://training-platform2.doppio-tech.com/:2:167
@https://training-platform2.doppio-tech.com/:3:8
</status>
</kw>
<kw name="Shadow root click button" owner="product_detail_pages">
<kw name="Catenate" owner="BuiltIn">
<msg time="2025-10-06T02:38:48.601845" level="INFO">${js} = const el = document.querySelector('[data-testid="shadow-host"]') .shadowRoot.querySelector(`[data-testid="pd-opt-color-Gray"]`); if (el) el.click(); else throw new Error("Color button not found!");</msg>
<var>${js}</var>
<arg>const el = document.querySelector('[data-testid="shadow-host"]')</arg>
<arg>.shadowRoot.querySelector(`[data-testid="pd-opt-color-${COLOR}"]`);</arg>
<arg>if (el) el.click(); else throw new Error("Color button not found!");</arg>
<doc>Catenates the given items together and returns the resulted string.</doc>
<status status="PASS" start="2025-10-06T02:38:48.601496" elapsed="0.000391"/>
</kw>
<kw name="Execute Javascript" owner="SeleniumLibrary">
<msg time="2025-10-06T02:38:48.602568" level="INFO">Executing JavaScript:
const el = document.querySelector('[data-testid="shadow-host"]') .shadowRoot.querySelector(`[data-testid="pd-opt-color-Gray"]`); if (el) el.click(); else throw new Error("Color button not found!");
Without any arguments.</msg>
<arg>${js}</arg>
<doc>Executes the given JavaScript code with possible arguments.</doc>
<status status="PASS" start="2025-10-06T02:38:48.602044" elapsed="0.004531"/>
</kw>
<arg>${COLOR}</arg>
<status status="PASS" start="2025-10-06T02:38:48.601002" elapsed="0.005682"/>
</kw>
<arg>10x</arg>
<arg>0.5s</arg>
<arg>Shadow root click button</arg>
<arg>${COLOR}</arg>
<doc>Runs the specified keyword and retries if it fails.</doc>
<status status="PASS" start="2025-10-06T02:38:48.062774" elapsed="0.543975"/>
</kw>
<arg>${COLOR}</arg>
<status status="PASS" start="2025-10-06T02:38:48.062354" elapsed="0.544471"/>
</kw>
<arg>Gray</arg>
<status status="PASS" start="2025-10-06T02:38:48.061795" elapsed="0.545078"/>
</kw>
<kw name="Shadow root input qty" owner="product_detail_pages">
<kw name="Execute Javascript" owner="SeleniumLibrary">
<msg time="2025-10-06T02:38:48.608085" level="INFO">Executing JavaScript:
const el = document.querySelector('[data-testid="shadow-host"]').shadowRoot.querySelector('[data-testid="pd-qty-input"]');if (el) {el.value = "3";el.dispatchEvent(new Event('input', { bubbles: true }));} else {throw new Error("Quantity input not found!");}
Without any arguments.</msg>
<arg>const el = document.querySelector('[data-testid="shadow-host"]')</arg>
<arg>.shadowRoot.querySelector('[data-testid="pd-qty-input"]');</arg>
<arg>if (el) {</arg>
<arg>el.value = "${VALUE}";</arg>
<arg>el.dispatchEvent(new Event('input', { bubbles: true }));</arg>
<arg>} else {</arg>
<arg>throw new Error("Quantity input not found!");</arg>
<arg>}</arg>
<doc>Executes the given JavaScript code with possible arguments.</doc>
<status status="PASS" start="2025-10-06T02:38:48.607559" elapsed="0.004932"/>
</kw>
<arg>3</arg>
<status status="PASS" start="2025-10-06T02:38:48.607009" elapsed="0.005578"/>
</kw>
<kw name="Add to cart button" owner="product_detail_pages">
<kw name="Shadow root add to cart button" owner="product_detail_pages">
<kw name="Execute Javascript" owner="SeleniumLibrary">
<msg time="2025-10-06T02:38:48.613677" level="INFO">Executing JavaScript:
const el = document.querySelector('[data-testid="shadow-host"]').shadowRoot.querySelector('[id="btn-add-to-cart"]');if (el) el.click(); else throw new Error("Add to cart button not found!");
Without any arguments.</msg>
<arg>const el = document.querySelector('[data-testid="shadow-host"]')</arg>
<arg>.shadowRoot.querySelector('[id="btn-add-to-cart"]');</arg>
<arg>if (el) el.click(); else throw new Error("Add to cart button not found!");</arg>
<doc>Executes the given JavaScript code with possible arguments.</doc>
<status status="PASS" start="2025-10-06T02:38:48.613243" elapsed="0.004566"/>
</kw>
<status status="PASS" start="2025-10-06T02:38:48.613049" elapsed="0.004943"/>
</kw>
<status status="PASS" start="2025-10-06T02:38:48.612718" elapsed="0.005338"/>
</kw>
<kw name="Cart" owner="cart_pages">
<kw name="Click Element" owner="SeleniumLibrary">
<msg time="2025-10-06T02:38:48.618649" level="INFO">Clicking element 'css:[data-testid="nav-cart"]'.</msg>
<arg>${CART_BUTTON}</arg>
<doc>Click the element identified by ``locator``.</doc>
<status status="PASS" start="2025-10-06T02:38:48.618455" elapsed="0.062628"/>
</kw>
<status status="PASS" start="2025-10-06T02:38:48.618190" elapsed="0.063019"/>
</kw>
<kw name="Sleep" owner="BuiltIn">
<msg time="2025-10-06T02:38:49.681954" level="INFO">Slept 1 second.</msg>
<arg>1</arg>
<doc>Pauses the test executed for the given time.</doc>
<status status="PASS" start="2025-10-06T02:38:48.681329" elapsed="1.000776"/>
</kw>
<kw name="Select all in cart" owner="cart_pages">
<kw name="Shadow root select all products" owner="cart_pages">
<kw name="Execute Javascript" owner="SeleniumLibrary">
<msg time="2025-10-06T02:38:49.683347" level="INFO">Executing JavaScript:
const el = document.querySelector('[data-testid="shadow-host"]').shadowRoot.querySelector('input[data-cart="cart-div0-div1-div0-label0-input0"]');if (el &amp;&amp; !el.checked) el.click();
Without any arguments.</msg>
<arg>const el = document.querySelector('[data-testid="shadow-host"]')</arg>
<arg>.shadowRoot.querySelector('input[data-cart="cart-div0-div1-div0-label0-input0"]');</arg>
<arg>if (el &amp;&amp; !el.checked) el.click();</arg>
<doc>Executes the given JavaScript code with possible arguments.</doc>
<status status="PASS" start="2025-10-06T02:38:49.682942" elapsed="0.007680"/>
</kw>
<status status="PASS" start="2025-10-06T02:38:49.682707" elapsed="0.008071"/>
</kw>
<status status="PASS" start="2025-10-06T02:38:49.682336" elapsed="0.008514"/>
</kw>
<kw name="Proceed to checkout" owner="cart_pages">
<kw name="Shadow root proceed to checkout" owner="cart_pages">
<kw name="Execute Javascript" owner="SeleniumLibrary">
<msg time="2025-10-06T02:38:49.692487" level="INFO">Executing JavaScript:
const el = document.querySelector('[data-testid="shadow-host"]').shadowRoot.querySelector('button[id="btn-proceed"]');if (el &amp;&amp; !el.checked) el.click();
Without any arguments.</msg>
<arg>const el = document.querySelector('[data-testid="shadow-host"]')</arg>
<arg>.shadowRoot.querySelector('button[id="btn-proceed"]');</arg>
<arg>if (el &amp;&amp; !el.checked) el.click();</arg>
<doc>Executes the given JavaScript code with possible arguments.</doc>
<status status="PASS" start="2025-10-06T02:38:49.691938" elapsed="0.012087"/>
</kw>
<status status="PASS" start="2025-10-06T02:38:49.691567" elapsed="0.012906"/>
</kw>
<status status="PASS" start="2025-10-06T02:38:49.691063" elapsed="0.013507"/>
</kw>
<kw name="Add new address" owner="cart_pages">
<kw name="Shadow root add new address" owner="cart_pages">
<kw name="Execute Javascript" owner="SeleniumLibrary">
<msg time="2025-10-06T02:38:49.706570" level="INFO">Executing JavaScript:
const el = document.querySelector('[data-testid="shadow-host"]').shadowRoot.querySelector('button[data-testid="checkout-add-address-toggle"]');if (el &amp;&amp; !el.checked) el.click();
Without any arguments.</msg>
<arg>const el = document.querySelector('[data-testid="shadow-host"]')</arg>
<arg>.shadowRoot.querySelector('button[data-testid="checkout-add-address-toggle"]');</arg>
<arg>if (el &amp;&amp; !el.checked) el.click();</arg>
<doc>Executes the given JavaScript code with possible arguments.</doc>
<status status="PASS" start="2025-10-06T02:38:49.705850" elapsed="0.008470"/>
</kw>
<status status="PASS" start="2025-10-06T02:38:49.705419" elapsed="0.009009"/>
</kw>
<status status="PASS" start="2025-10-06T02:38:49.704821" elapsed="0.009651"/>
</kw>
<kw name="First name" owner="checkout_pages">
<kw name="Shadow root first name" owner="checkout_pages">
<kw name="Execute Javascript" owner="SeleniumLibrary">
<msg time="2025-10-06T02:38:49.715648" level="INFO">Executing JavaScript:
const el = document.querySelector('[data-testid="shadow-host"]').shadowRoot.querySelector('[data-testid="checkout-form-first-name"]');el.value = "Morty";el.dispatchEvent(new Event('input', { bubbles: true }));
Without any arguments.</msg>
<arg>const el = document.querySelector('[data-testid="shadow-host"]')</arg>
<arg>.shadowRoot.querySelector('[data-testid="checkout-form-first-name"]');</arg>
<arg>el.value = "${firstname}";</arg>
<arg>el.dispatchEvent(new Event('input', { bubbles: true }));</arg>
<doc>Executes the given JavaScript code with possible arguments.</doc>
<status status="PASS" start="2025-10-06T02:38:49.715262" elapsed="0.004264"/>
</kw>
<arg>${FIRSTNAME}</arg>
<status status="PASS" start="2025-10-06T02:38:49.714990" elapsed="0.004647"/>
</kw>
<arg>Morty</arg>
<status status="PASS" start="2025-10-06T02:38:49.714625" elapsed="0.005063"/>
</kw>
<kw name="Last name" owner="checkout_pages">
<kw name="Shadow root last name" owner="checkout_pages">
<kw name="Execute Javascript" owner="SeleniumLibrary">
<msg time="2025-10-06T02:38:49.720934" level="INFO">Executing JavaScript:
const el = document.querySelector('[data-testid="shadow-host"]').shadowRoot.querySelector('[data-testid="checkout-form-last-name"]');el.value = "Smith";el.dispatchEvent(new Event('input', { bubbles: true }));
Without any arguments.</msg>
<arg>const el = document.querySelector('[data-testid="shadow-host"]')</arg>
<arg>.shadowRoot.querySelector('[data-testid="checkout-form-last-name"]');</arg>
<arg>el.value = "${lastname}";</arg>
<arg>el.dispatchEvent(new Event('input', { bubbles: true }));</arg>
<doc>Executes the given JavaScript code with possible arguments.</doc>
<status status="PASS" start="2025-10-06T02:38:49.720532" elapsed="0.005109"/>
</kw>
<arg>${LASTNAME}</arg>
<status status="PASS" start="2025-10-06T02:38:49.720247" elapsed="0.005542"/>
</kw>
<arg>Smith</arg>
<status status="PASS" start="2025-10-06T02:38:49.719894" elapsed="0.005971"/>
</kw>
<kw name="Address detail" owner="checkout_pages">
<kw name="Shadow root address details" owner="checkout_pages">
<kw name="Execute Javascript" owner="SeleniumLibrary">
<msg time="2025-10-06T02:38:49.727881" level="INFO">Executing JavaScript:
const el = document.querySelector('[data-testid="shadow-host"]').shadowRoot.querySelector('[data-testid="checkout-form-detail"]');el.value = "123 Khonkean University";el.dispatchEvent(new Event('input', { bubbles: true }));
Without any arguments.</msg>
<arg>const el = document.querySelector('[data-testid="shadow-host"]')</arg>
<arg>.shadowRoot.querySelector('[data-testid="checkout-form-detail"]');</arg>
<arg>el.value = "${addressdetail}";</arg>
<arg>el.dispatchEvent(new Event('input', { bubbles: true }));</arg>
<doc>Executes the given JavaScript code with possible arguments.</doc>
<status status="PASS" start="2025-10-06T02:38:49.727245" elapsed="0.007023"/>
</kw>
<arg>${ADDRESSDETAIL}</arg>
<status status="PASS" start="2025-10-06T02:38:49.726733" elapsed="0.007703"/>
</kw>
<arg>123 Khonkean University</arg>
<status status="PASS" start="2025-10-06T02:38:49.726064" elapsed="0.008440"/>
</kw>
<kw name="Sleep" owner="BuiltIn">
<msg time="2025-10-06T02:38:50.735670" level="INFO">Slept 1 second.</msg>
<arg>1</arg>
<doc>Pauses the test executed for the given time.</doc>
<status status="PASS" start="2025-10-06T02:38:49.734734" elapsed="1.001070"/>
</kw>
<kw name="Select province" owner="checkout_pages">
<kw name="Shadow root select province" owner="checkout_pages">
<kw name="Execute Javascript" owner="SeleniumLibrary">
<msg time="2025-10-06T02:38:50.737662" level="INFO">Executing JavaScript:
const el = document.querySelector('[data-testid="shadow-host"]').shadowRoot.querySelector('[data-testid="checkout-form-province"]');if (el) {el.value = "Bangkok";el.dispatchEvent(new Event('change', { bubbles: true }));} else {throw new Error("Province input not found!");}
Without any arguments.</msg>
<arg>const el = document.querySelector('[data-testid="shadow-host"]')</arg>
<arg>.shadowRoot.querySelector('[data-testid="checkout-form-province"]');</arg>
<arg>if (el) {</arg>
<arg>el.value = "${province}";</arg>
<arg>el.dispatchEvent(new Event('change', { bubbles: true }));</arg>
<arg>} else {</arg>
<arg>throw new Error("Province input not found!");</arg>
<arg>}</arg>
<doc>Executes the given JavaScript code with possible arguments.</doc>
<status status="PASS" start="2025-10-06T02:38:50.737079" elapsed="0.009885"/>
</kw>
<arg>${PROVINCE}</arg>
<status status="PASS" start="2025-10-06T02:38:50.736697" elapsed="0.010518"/>
</kw>
<arg>Bangkok</arg>
<status status="PASS" start="2025-10-06T02:38:50.736082" elapsed="0.011214"/>
</kw>
<kw name="Sleep" owner="BuiltIn">
<msg time="2025-10-06T02:38:51.747866" level="INFO">Slept 1 second.</msg>
<arg>1</arg>
<doc>Pauses the test executed for the given time.</doc>
<status status="PASS" start="2025-10-06T02:38:50.747459" elapsed="1.000512"/>
</kw>
<kw name="Select district" owner="checkout_pages">
<kw name="Shadow root select district" owner="checkout_pages">
<kw name="Execute Javascript" owner="SeleniumLibrary">
<msg time="2025-10-06T02:38:51.751515" level="INFO">Executing JavaScript:
const el = document.querySelector('[data-testid="shadow-host"]').shadowRoot.querySelector('[data-testid="checkout-form-district"]');if (el) {el.value = "Phra Nakhon";el.dispatchEvent(new Event('change', { bubbles: true }));} else {throw new Error("District input not found!");}
Without any arguments.</msg>
<arg>const el = document.querySelector('[data-testid="shadow-host"]')</arg>
<arg>.shadowRoot.querySelector('[data-testid="checkout-form-district"]');</arg>
<arg>if (el) {</arg>
<arg>el.value = "${district}";</arg>
<arg>el.dispatchEvent(new Event('change', { bubbles: true }));</arg>
<arg>} else {</arg>
<arg>throw new Error("District input not found!");</arg>
<arg>}</arg>
<doc>Executes the given JavaScript code with possible arguments.</doc>
<status status="PASS" start="2025-10-06T02:38:51.748897" elapsed="0.009923"/>
</kw>
<arg>${DISTRICT}</arg>
<status status="PASS" start="2025-10-06T02:38:51.748635" elapsed="0.010342"/>
</kw>
<arg>Phra Nakhon</arg>
<status status="PASS" start="2025-10-06T02:38:51.748211" elapsed="0.010831"/>
</kw>
<kw name="Sleep" owner="BuiltIn">
<msg time="2025-10-06T02:38:52.759845" level="INFO">Slept 1 second.</msg>
<arg>1</arg>
<doc>Pauses the test executed for the given time.</doc>
<status status="PASS" start="2025-10-06T02:38:51.759160" elapsed="1.000788"/>
</kw>
<kw name="Select subdistrict" owner="checkout_pages">
<kw name="Shadow root select subdistrict" owner="checkout_pages">
<kw name="Execute Javascript" owner="SeleniumLibrary">
<msg time="2025-10-06T02:38:52.761239" level="INFO">Executing JavaScript:
const el = document.querySelector('[data-testid="shadow-host"]').shadowRoot.querySelector('[data-testid="checkout-form-subdistrict"]');if (el) {el.value = "Bang Khun Phrom";el.dispatchEvent(new Event('change', { bubbles: true }));} else {throw new Error("SubDistrict input not found!");}
Without any arguments.</msg>
<arg>const el = document.querySelector('[data-testid="shadow-host"]')</arg>
<arg>.shadowRoot.querySelector('[data-testid="checkout-form-subdistrict"]');</arg>
<arg>if (el) {</arg>
<arg>el.value = "${subdistrict}";</arg>
<arg>el.dispatchEvent(new Event('change', { bubbles: true }));</arg>
<arg>} else {</arg>
<arg>throw new Error("SubDistrict input not found!");</arg>
<arg>}</arg>
<doc>Executes the given JavaScript code with possible arguments.</doc>
<status status="PASS" start="2025-10-06T02:38:52.760876" elapsed="0.005922"/>
</kw>
<arg>${SUBDISTRICT}</arg>
<status status="PASS" start="2025-10-06T02:38:52.760610" elapsed="0.006367"/>
</kw>
<arg>Bang Khun Phrom</arg>
<status status="PASS" start="2025-10-06T02:38:52.760185" elapsed="0.006864"/>
</kw>
<kw name="Sleep" owner="BuiltIn">
<msg time="2025-10-06T02:38:53.767958" level="INFO">Slept 1 second.</msg>
<arg>1</arg>
<doc>Pauses the test executed for the given time.</doc>
<status status="PASS" start="2025-10-06T02:38:52.767195" elapsed="1.000890"/>
</kw>
<kw name="Postcode" owner="checkout_pages">
<kw name="Shadow root postcode" owner="checkout_pages">
<kw name="Execute Javascript" owner="SeleniumLibrary">
<msg time="2025-10-06T02:38:53.769181" level="INFO">Executing JavaScript:
const el = document.querySelector('[data-testid="shadow-host"]').shadowRoot.querySelector('[data-testid="checkout-form-postal"]');el.value = "10200";el.dispatchEvent(new Event('input', { bubbles: true }));
Without any arguments.</msg>
<arg>const el = document.querySelector('[data-testid="shadow-host"]')</arg>
<arg>.shadowRoot.querySelector('[data-testid="checkout-form-postal"]');</arg>
<arg>el.value = "${postalcode}";</arg>
<arg>el.dispatchEvent(new Event('input', { bubbles: true }));</arg>
<doc>Executes the given JavaScript code with possible arguments.</doc>
<status status="PASS" start="2025-10-06T02:38:53.768842" elapsed="0.004120"/>
</kw>
<arg>${POSTALCODE}</arg>
<status status="PASS" start="2025-10-06T02:38:53.768609" elapsed="0.004464"/>
</kw>
<arg>10200</arg>
<status status="PASS" start="2025-10-06T02:38:53.768293" elapsed="0.004825"/>
</kw>
<kw name="Sleep" owner="BuiltIn">
<msg time="2025-10-06T02:38:54.773801" level="INFO">Slept 1 second.</msg>
<arg>1</arg>
<doc>Pauses the test executed for the given time.</doc>
<status status="PASS" start="2025-10-06T02:38:53.773285" elapsed="1.000632"/>
</kw>
<kw name="Set as default" owner="checkout_pages">
<kw name="Shadow root set as default" owner="checkout_pages">
<kw name="Execute Javascript" owner="SeleniumLibrary">
<msg time="2025-10-06T02:38:54.774938" level="INFO">Executing JavaScript:
const el = document.querySelector('[data-testid="shadow-host"]').shadowRoot.querySelector('input[data-testid="checkout-form-default"]');if (el &amp;&amp; !el.checked) el.click();
Without any arguments.</msg>
<arg>const el = document.querySelector('[data-testid="shadow-host"]')</arg>
<arg>.shadowRoot.querySelector('input[data-testid="checkout-form-default"]');</arg>
<arg>if (el &amp;&amp; !el.checked) el.click();</arg>
<doc>Executes the given JavaScript code with possible arguments.</doc>
<status status="PASS" start="2025-10-06T02:38:54.774666" elapsed="0.003584"/>
</kw>
<status status="PASS" start="2025-10-06T02:38:54.774462" elapsed="0.003877"/>
</kw>
<status status="PASS" start="2025-10-06T02:38:54.774143" elapsed="0.004235"/>
</kw>
<kw name="Save address" owner="checkout_pages">
<kw name="Shadow root save address" owner="checkout_pages">
<kw name="Execute Javascript" owner="SeleniumLibrary">
<msg time="2025-10-06T02:38:54.779343" level="INFO">Executing JavaScript:
const el = document.querySelector('[data-testid="shadow-host"]').shadowRoot.querySelector('button[id="btn-save-address"]');if (el &amp;&amp; !el.checked) el.click();
Without any arguments.</msg>
<arg>const el = document.querySelector('[data-testid="shadow-host"]')</arg>
<arg>.shadowRoot.querySelector('button[id="btn-save-address"]');</arg>
<arg>if (el &amp;&amp; !el.checked) el.click();</arg>
<doc>Executes the given JavaScript code with possible arguments.</doc>
<status status="PASS" start="2025-10-06T02:38:54.779065" elapsed="0.001920"/>
</kw>
<status status="PASS" start="2025-10-06T02:38:54.778852" elapsed="0.002203"/>
</kw>
<status status="PASS" start="2025-10-06T02:38:54.778495" elapsed="0.002595"/>
</kw>
<kw name="Payment" owner="checkout_pages">
<kw name="Wait Until Keyword Succeeds" owner="BuiltIn">
<kw name="Shadow root click payment" owner="checkout_pages">
<kw name="Catenate" owner="BuiltIn">
<msg time="2025-10-06T02:38:54.781989" level="INFO">${js} = const el = document.querySelector('[data-testid="shadow-host"]') .shadowRoot.querySelector(`[data-testid="checkout-pay-qr"]`); if (el) el.click(); else throw new Error("Payment Radio not found!");</msg>
<var>${js}</var>
<arg>const el = document.querySelector('[data-testid="shadow-host"]')</arg>
<arg>.shadowRoot.querySelector(`[data-testid="checkout-pay-${PAYMENT}"]`);</arg>
<arg>if (el) el.click(); else throw new Error("Payment Radio not found!");</arg>
<doc>Catenates the given items together and returns the resulted string.</doc>
<status status="PASS" start="2025-10-06T02:38:54.781826" elapsed="0.000185"/>
</kw>
<kw name="Execute Javascript" owner="SeleniumLibrary">
<msg time="2025-10-06T02:38:54.782424" level="INFO">Executing JavaScript:
const el = document.querySelector('[data-testid="shadow-host"]') .shadowRoot.querySelector(`[data-testid="checkout-pay-qr"]`); if (el) el.click(); else throw new Error("Payment Radio not found!");
Without any arguments.</msg>
<arg>${js}</arg>
<doc>Executes the given JavaScript code with possible arguments.</doc>
<status status="PASS" start="2025-10-06T02:38:54.782164" elapsed="0.002917"/>
</kw>
<arg>${PAYMENT}</arg>
<status status="PASS" start="2025-10-06T02:38:54.781621" elapsed="0.003547"/>
</kw>
<arg>10x</arg>
<arg>0.5s</arg>
<arg>Shadow root click payment</arg>
<arg>${PAYMENT}</arg>
<doc>Runs the specified keyword and retries if it fails.</doc>
<status status="PASS" start="2025-10-06T02:38:54.781419" elapsed="0.003788"/>
</kw>
<arg>qr</arg>
<status status="PASS" start="2025-10-06T02:38:54.781186" elapsed="0.004065"/>
</kw>
<kw name="Coupon" owner="checkout_pages">
<kw name="Shadow root coupon" owner="checkout_pages">
<kw name="Execute Javascript" owner="SeleniumLibrary">
<msg time="2025-10-06T02:38:54.786407" level="INFO">Executing JavaScript:
const btn = document.querySelector('[data-testid="shadow-host"]').shadowRoot.querySelector('[data-testid="checkout-coupon-toggle"]');if (btn) {btn.dispatchEvent(new MouseEvent('click', { bubbles: true }));} else {throw new Error("Coupon dropdown button not found!");}
Without any arguments.</msg>
<arg>const btn = document.querySelector('[data-testid="shadow-host"]')</arg>
<arg>.shadowRoot.querySelector('[data-testid="checkout-coupon-toggle"]');</arg>
<arg>if (btn) {</arg>
<arg>btn.dispatchEvent(new MouseEvent('click', { bubbles: true }));</arg>
<arg>} else {</arg>
<arg>throw new Error("Coupon dropdown button not found!");</arg>
<arg>}</arg>
<doc>Executes the given JavaScript code with possible arguments.</doc>
<status status="PASS" start="2025-10-06T02:38:54.786113" elapsed="0.005349"/>
</kw>
<status status="PASS" start="2025-10-06T02:38:54.785883" elapsed="0.005677"/>
</kw>
<status status="PASS" start="2025-10-06T02:38:54.785357" elapsed="0.006243"/>
</kw>
<kw name="Sleep" owner="BuiltIn">
<msg time="2025-10-06T02:38:55.792046" level="INFO">Slept 1 second.</msg>
<arg>1</arg>
<doc>Pauses the test executed for the given time.</doc>
<status status="PASS" start="2025-10-06T02:38:54.791699" elapsed="1.000431"/>
</kw>
<kw name="Select coupon" owner="checkout_pages">
<kw name="Select coupon name" owner="checkout_pages">
<kw name="Execute Javascript" owner="SeleniumLibrary">
<msg time="2025-10-06T02:38:55.793143" level="INFO">Executing JavaScript:
const btn = document.querySelector('[data-testid="shadow-host"]').shadowRoot.querySelector('[data-testid="checkout-coupon-item-General12345"]');if (btn) {btn.dispatchEvent(new MouseEvent('click', { bubbles: true }));} else {throw new Error("Coupon dropdown button not found!");}
Without any arguments.</msg>
<arg>const btn = document.querySelector('[data-testid="shadow-host"]')</arg>
<arg>.shadowRoot.querySelector('[data-testid="checkout-coupon-item-General12345"]');</arg>
<arg>if (btn) {</arg>
<arg>btn.dispatchEvent(new MouseEvent('click', { bubbles: true }));</arg>
<arg>} else {</arg>
<arg>throw new Error("Coupon dropdown button not found!");</arg>
<arg>}</arg>
<doc>Executes the given JavaScript code with possible arguments.</doc>
<status status="PASS" start="2025-10-06T02:38:55.792844" elapsed="0.007514"/>
</kw>
<status status="PASS" start="2025-10-06T02:38:55.792631" elapsed="0.007840"/>
</kw>
<status status="PASS" start="2025-10-06T02:38:55.792300" elapsed="0.008225"/>
</kw>
<kw name="Apply coupon" owner="checkout_pages">
<kw name="Shadow root apply coupon" owner="checkout_pages">
<kw name="Execute Javascript" owner="SeleniumLibrary">
<msg time="2025-10-06T02:38:55.801620" level="INFO">Executing JavaScript:
const el = document.querySelector('[data-testid="shadow-host"]').shadowRoot.querySelector('button[id="btn-apply-coupon"]');if (el &amp;&amp; !el.checked) el.click();
Without any arguments.</msg>
<arg>const el = document.querySelector('[data-testid="shadow-host"]')</arg>
<arg>.shadowRoot.querySelector('button[id="btn-apply-coupon"]');</arg>
<arg>if (el &amp;&amp; !el.checked) el.click();</arg>
<doc>Executes the given JavaScript code with possible arguments.</doc>
<status status="PASS" start="2025-10-06T02:38:55.801315" elapsed="0.002594"/>
</kw>
<status status="PASS" start="2025-10-06T02:38:55.801050" elapsed="0.002937"/>
</kw>
<status status="PASS" start="2025-10-06T02:38:55.800660" elapsed="0.003364"/>
</kw>
<kw name="Sleep" owner="BuiltIn">
<msg time="2025-10-06T02:38:56.804703" level="INFO">Slept 1 second.</msg>
<arg>1</arg>
<doc>Pauses the test executed for the given time.</doc>
<status status="PASS" start="2025-10-06T02:38:55.804114" elapsed="1.000678"/>
</kw>
<kw name="Assertion" owner="checkout_pages">
<kw name="Execute Javascript" owner="SeleniumLibrary">
<msg time="2025-10-06T02:38:56.805606" level="INFO">Executing JavaScript:
return document.querySelector('[data-testid="shadow-host"]').shadowRoot.querySelector('#checkout-root [data-testid="checkout-subtotal"]')?.innerText || '0';
Without any arguments.</msg>
<msg time="2025-10-06T02:38:56.808104" level="INFO">${subtotal_text} = THB 510.00</msg>
<var>${subtotal_text}</var>
<arg>return document.querySelector('[data-testid="shadow-host"]').shadowRoot.querySelector('#checkout-root [data-testid="checkout-subtotal"]')?.innerText || '0';</arg>
<doc>Executes the given JavaScript code with possible arguments.</doc>
<status status="PASS" start="2025-10-06T02:38:56.805313" elapsed="0.002822"/>
</kw>
<kw name="Execute Javascript" owner="SeleniumLibrary">
<msg time="2025-10-06T02:38:56.808560" level="INFO">Executing JavaScript:
return document.querySelector('[data-testid="shadow-host"]').shadowRoot.querySelector('#checkout-root [data-testid="checkout-shipping"]')?.innerText || '0';
Without any arguments.</msg>
<msg time="2025-10-06T02:38:56.810146" level="INFO">${shipping_text} = THB 50.00</msg>
<var>${shipping_text}</var>
<arg>return document.querySelector('[data-testid="shadow-host"]').shadowRoot.querySelector('#checkout-root [data-testid="checkout-shipping"]')?.innerText || '0';</arg>
<doc>Executes the given JavaScript code with possible arguments.</doc>
<status status="PASS" start="2025-10-06T02:38:56.808248" elapsed="0.001925"/>
</kw>
<kw name="Execute Javascript" owner="SeleniumLibrary">
<msg time="2025-10-06T02:38:56.810549" level="INFO">Executing JavaScript:
return document.querySelector('[data-testid="shadow-host"]').shadowRoot.querySelector('#checkout-root [data-testid="checkout-discount"]')?.innerText || '0';
Without any arguments.</msg>
<msg time="2025-10-06T02:38:56.811867" level="INFO">${discount_text} = 0</msg>
<var>${discount_text}</var>
<arg>return document.querySelector('[data-testid="shadow-host"]').shadowRoot.querySelector('#checkout-root [data-testid="checkout-discount"]')?.innerText || '0';</arg>
<doc>Executes the given JavaScript code with possible arguments.</doc>
<status status="PASS" start="2025-10-06T02:38:56.810278" elapsed="0.001615"/>
</kw>
<kw name="Execute Javascript" owner="SeleniumLibrary">
<msg time="2025-10-06T02:38:56.812244" level="INFO">Executing JavaScript:
return document.querySelector('[data-testid="shadow-host"]').shadowRoot.querySelector('#checkout-root [data-testid="checkout-vat"]')?.innerText || '0';
Without any arguments.</msg>
<msg time="2025-10-06T02:38:56.813805" level="INFO">${vat_text} = THB 36.00</msg>
<var>${vat_text}</var>
<arg>return document.querySelector('[data-testid="shadow-host"]').shadowRoot.querySelector('#checkout-root [data-testid="checkout-vat"]')?.innerText || '0';</arg>
<doc>Executes the given JavaScript code with possible arguments.</doc>
<status status="PASS" start="2025-10-06T02:38:56.811994" elapsed="0.001838"/>
</kw>
<kw name="Execute Javascript" owner="SeleniumLibrary">
<msg time="2025-10-06T02:38:56.814245" level="INFO">Executing JavaScript:
return document.querySelector('[data-testid="shadow-host"]').shadowRoot.querySelector('#checkout-root [data-testid="checkout-total"]')?.innerText || '0';
Without any arguments.</msg>
<msg time="2025-10-06T02:38:56.815501" level="INFO">${total_text} = THB 596.00</msg>
<var>${total_text}</var>
<arg>return document.querySelector('[data-testid="shadow-host"]').shadowRoot.querySelector('#checkout-root [data-testid="checkout-total"]')?.innerText || '0';</arg>
<doc>Executes the given JavaScript code with possible arguments.</doc>
<status status="PASS" start="2025-10-06T02:38:56.813967" elapsed="0.001577"/>
</kw>
<kw name="Evaluate" owner="BuiltIn">
<msg time="2025-10-06T02:38:56.815912" level="INFO">${subtotal} = 510.0</msg>
<var>${subtotal}</var>
<arg>float(re.sub(r'[^0-9.]', '', '''${subtotal_text}'''))</arg>
<doc>Evaluates the given expression in Python and returns the result.</doc>
<status status="PASS" start="2025-10-06T02:38:56.815644" elapsed="0.000289"/>
</kw>
<kw name="Evaluate" owner="BuiltIn">
<msg time="2025-10-06T02:38:56.816376" level="INFO">${shipping} = 50.0</msg>
<var>${shipping}</var>
<arg>float(re.sub(r'[^0-9.]', '', '''${shipping_text}'''))</arg>
<doc>Evaluates the given expression in Python and returns the result.</doc>
<status status="PASS" start="2025-10-06T02:38:56.816039" elapsed="0.000360"/>
</kw>
<kw name="Evaluate" owner="BuiltIn">
<msg time="2025-10-06T02:38:56.816732" level="INFO">${discount} = 0</msg>
<var>${discount}</var>
<arg>float(re.sub(r'[^0-9.-]', '', '''${discount_text}''')) if '${discount_text}'!='0' else 0</arg>
<doc>Evaluates the given expression in Python and returns the result.</doc>
<status status="PASS" start="2025-10-06T02:38:56.816488" elapsed="0.000265"/>
</kw>
<kw name="Evaluate" owner="BuiltIn">
<msg time="2025-10-06T02:38:56.817015" level="INFO">${vat} = 36.0</msg>
<var>${vat}</var>
<arg>float(re.sub(r'[^0-9.]', '', '''${vat_text}'''))</arg>
<doc>Evaluates the given expression in Python and returns the result.</doc>
<status status="PASS" start="2025-10-06T02:38:56.816834" elapsed="0.000200"/>
</kw>
<kw name="Evaluate" owner="BuiltIn">
<msg time="2025-10-06T02:38:56.817402" level="INFO">${total} = 596.0</msg>
<var>${total}</var>
<arg>float(re.sub(r'[^0-9.]', '', '''${total_text}'''))</arg>
<doc>Evaluates the given expression in Python and returns the result.</doc>
<status status="PASS" start="2025-10-06T02:38:56.817174" elapsed="0.000250"/>
</kw>
<kw name="Evaluate" owner="BuiltIn">
<msg time="2025-10-06T02:38:56.817722" level="INFO">${expected} = 596.0</msg>
<var>${expected}</var>
<arg>round(${subtotal} - ${discount} + ${shipping} + ${vat}, 2)</arg>
<doc>Evaluates the given expression in Python and returns the result.</doc>
<status status="PASS" start="2025-10-06T02:38:56.817507" elapsed="0.000234"/>
</kw>
<kw name="Log To Console" owner="BuiltIn">
<arg>Subtotal=${subtotal}, Shipping=${shipping}, VAT=${vat}, Discount=${discount}, Total=${total}, Expected=${expected}</arg>
<doc>Logs the given message to the console.</doc>
<status status="PASS" start="2025-10-06T02:38:56.817817" elapsed="0.000239"/>
</kw>
<kw name="Should Be Equal As Numbers" owner="BuiltIn">
<arg>${total}</arg>
<arg>${expected}</arg>
<doc>Fails if objects are unequal after converting them to real numbers.</doc>
<status status="PASS" start="2025-10-06T02:38:56.818134" elapsed="0.000152"/>
</kw>
<status status="PASS" start="2025-10-06T02:38:56.804983" elapsed="0.013353"/>
</kw>
<kw name="Place order" owner="checkout_pages">
<kw name="Shadow root place order" owner="checkout_pages">
<kw name="Execute Javascript" owner="SeleniumLibrary">
<msg time="2025-10-06T02:38:56.819388" level="INFO">Executing JavaScript:
const el = document.querySelector('[data-testid="shadow-host"]').shadowRoot.querySelector('button[id="btn-place-order"]');if (el &amp;&amp; !el.checked) el.click();
Without any arguments.</msg>
<arg>const el = document.querySelector('[data-testid="shadow-host"]')</arg>
<arg>.shadowRoot.querySelector('button[id="btn-place-order"]');</arg>
<arg>if (el &amp;&amp; !el.checked) el.click();</arg>
<doc>Executes the given JavaScript code with possible arguments.</doc>
<status status="PASS" start="2025-10-06T02:38:56.818810" elapsed="0.005285"/>
</kw>
<status status="PASS" start="2025-10-06T02:38:56.818633" elapsed="0.005578"/>
</kw>
<status status="PASS" start="2025-10-06T02:38:56.818431" elapsed="0.005837"/>
</kw>
<kw name="Sleep" owner="BuiltIn">
<msg time="2025-10-06T02:38:57.825162" level="INFO">Slept 1 second.</msg>
<arg>1</arg>
<doc>Pauses the test executed for the given time.</doc>
<status status="PASS" start="2025-10-06T02:38:56.824399" elapsed="1.000854"/>
</kw>
<kw name="Paid confirm" owner="checkout_pages">
<kw name="Shadow root paid qr" owner="checkout_pages">
<kw name="Execute Javascript" owner="SeleniumLibrary">
<msg time="2025-10-06T02:38:57.826437" level="INFO">Executing JavaScript:
const el = document.querySelector('[data-testid="shadow-host"]').shadowRoot.querySelector('button[id="btn-confirm-qr"]');if (el &amp;&amp; !el.checked) el.click();
Without any arguments.</msg>
<arg>const el = document.querySelector('[data-testid="shadow-host"]')</arg>
<arg>.shadowRoot.querySelector('button[id="btn-confirm-qr"]');</arg>
<arg>if (el &amp;&amp; !el.checked) el.click();</arg>
<doc>Executes the given JavaScript code with possible arguments.</doc>
<status status="PASS" start="2025-10-06T02:38:57.825959" elapsed="0.003640"/>
</kw>
<status status="PASS" start="2025-10-06T02:38:57.825751" elapsed="0.003956"/>
</kw>
<status status="PASS" start="2025-10-06T02:38:57.825420" elapsed="0.004347"/>
</kw>
<status status="PASS" start="2025-10-06T02:38:37.548175" elapsed="20.281706"/>
</test>
<status status="PASS" start="2025-10-06T02:38:37.359538" elapsed="20.470963"/>
</suite>
<status status="PASS" start="2025-10-06T02:38:37.349358" elapsed="20.481681"/>
</suite>
<statistics>
<total>
<stat pass="1" fail="0" skip="0">All Tests</stat>
</total>
<tag>
</tag>
<suite>
<stat name="Tests" id="s1" pass="1" fail="0" skip="0">Tests</stat>
<stat name="TestCase2 Search" id="s1-s1" pass="1" fail="0" skip="0">Tests.TestCase2 Search</stat>
</suite>
</statistics>
<errors>
</errors>
</robot>
